0003DIRECTORIO202307261141.202309061202.info       | Fecha y hora de procesamiento: 2023-09-06 12:02
0003DIRECTORIO202307261141.202309061202.info       | Nombre de archivo: 0003DIRECTORIO202307261141.csv
0003DIRECTORIO202307261141.202309061202.info       | Total Registros: 30
0003DIRECTORIO202307261141.202309061202.info       | ----------------------------------------------------------
0003DIRECTORIO202307261141.202309061202.errorApp   | procesando: [AMND,B2023062800000000031000001,00320001312805909730,+51940040620] | ERROR [IAMD] AMND a Registro Inexistente. El registro que se está tratando de modificar no existe o ha sido eliminado con un DEAC.
0003DIRECTORIO202307261141.202309061202.debug      | procesando: [AMND,B2023062800000000031000002,00320001311955736038,+51995554336] | OK [ACTC]
0003DIRECTORIO202307261141.202309061202.debug      | procesando: [AMND,B2023062800000000031000003,00320001327742626437,+51954779965] | OK [ACTC]
0003DIRECTORIO202307261141.202309061202.debug      | procesando: [AMND,B2023062800000000031000004,00320001314330186438,+51997577369] | OK [ACTC]
0003DIRECTORIO202307261141.202309061202.debug      | procesando: [AMND,B2023062800000000031000005,00320001306665383330,+51987594961] | OK [ACTC]
0003DIRECTORIO202307261141.202309061202.debug      | procesando: [AMND,B2023062800000000031000006,00320001308787540232,+51998128038] | OK [ACTC]
0003DIRECTORIO202307261141.202309061202.debug      | procesando: [AMND,B2023062800000000031000007,00320001321257155039,+51977179681] | OK [ACTC]
0003DIRECTORIO202307261141.202309061202.debug      | procesando: [AMND,B2023062800000000031000008,00320001331848984539,+51989882758] | OK [ACTC]
0003DIRECTORIO202307261141.202309061202.debug      | procesando: [AMND,B2023062800000000031000009,00320001310658189031,+51942616682] | OK [ACTC]
0003DIRECTORIO202307261141.202309061202.debug      | procesando: [AMND,B2023062800000000031000010,00320001310658182234,+51993493970] | OK [ACTC]
0003DIRECTORIO202307261141.202309061202.debug      | procesando: [AMND,B2023062800000000031000011,00325501305214540074,+51999015818] | OK [ACTC]
0003DIRECTORIO202307261141.202309061202.debug      | procesando: [AMND,B2023062800000000031000012,00320001309793859332,+51976976420] | OK [ACTC]
0003DIRECTORIO202307261141.202309061202.debug      | procesando: [AMND,B2023062800000000031000013,00320001327796912837,+51956322363] | OK [ACTC]
0003DIRECTORIO202307261141.202309061202.debug      | procesando: [AMND,B2023062800000000031000014,00320001308316551637,+51949274742] | OK [ACTC]
0003DIRECTORIO202307261141.202309061202.debug      | procesando: [AMND,B2023062800000000031000015,00320001301272905231,+51993575534] | OK [ACTC]
0003DIRECTORIO202307261141.202309061202.debug      | procesando: [AMND,B2023062800000000031000016,00389801321389967048,+51948028839] | OK [ACTC]
0003DIRECTORIO202307261141.202309061202.debug      | procesando: [AMND,B2023062800000000031000017,00320001313188685936,+51999991546] | OK [ACTC]
0003DIRECTORIO202307261141.202309061202.debug      | procesando: [AMND,B2023062800000000031000018,00320001327796913630,+51981053628] | OK [ACTC]
0003DIRECTORIO202307261141.202309061202.debug      | procesando: [AMND,B2023062800000000031000019,00320001306741142634,+51954712581] | OK [ACTC]
0003DIRECTORIO202307261141.202309061202.debug      | procesando: [AMND,B2023062800000000031000020,00320001308728732234,+51991551394] | OK [ACTC]
0003DIRECTORIO202307261141.202309061202.debug      | procesando: [AMND,B2023062800000000031000021,00320001314600966831,+51997788147] | OK [ACTC]
0003DIRECTORIO202307261141.202309061202.debug      | procesando: [AMND,B2023062800000000031000022,00320001312114765936,+51987409927] | OK [ACTC]
0003DIRECTORIO202307261141.202309061202.debug      | procesando: [AMND,B2023062800000000031000023,00320001309844954532,+51993100198] | OK [ACTC]
0003DIRECTORIO202307261141.202309061202.debug      | procesando: [AMND,B2023062800000000031000024,00320001305248161432,+51978485655] | OK [ACTC]
0003DIRECTORIO202307261141.202309061202.debug      | procesando: [AMND,B2023062800000000031000025,00320001305860833030,+51995489131] | OK [ACTC]
0003DIRECTORIO202307261141.202309061202.debug      | procesando: [AMND,B2023062800000000031000026,00389801327821430542,+51985716010] | OK [ACTC]
0003DIRECTORIO202307261141.202309061202.debug      | procesando: [AMND,B2023062800000000031000027,00320001302582540938,+51993530419] | OK [ACTC]
0003DIRECTORIO202307261141.202309061202.debug      | procesando: [AMND,B2023062800000000031000028,00320001305497373536,+51958957978] | OK [ACTC]
0003DIRECTORIO202307261141.202309061202.debug      | procesando: [AMND,B2023062800000000031000029,00320001308623671631,+51996175341] | OK [ACTC]
0003DIRECTORIO202307261141.202309061202.debug      | procesando: [AMND,B2023062800000000031000030,00320001316173537533,+51993874238] | OK [ACTC]
0003DIRECTORIO202307261141.202309061202.info       | Proceso Terminado.  [OK 29/30][ERROR 1/30]
0003DIRECTORIO202307261141.202309061202.monitoreo  | [2023-09-06 12:02] Archivo [0003DIRECTORIO202307261141.csv] FIN 12:04 DURACIÓN [02:31] ESTADO [PROCESADO CON ERRORES][OK 29/30]
0003DIRECTORIO202307261141.202309061208.info       | Fecha y hora de procesamiento: 2023-09-06 12:08
0003DIRECTORIO202307261141.202309061208.info       | Nombre de archivo: 0003DIRECTORIO202307261141.csv
0003DIRECTORIO202307261141.202309061208.info       | Total Registros: 30
0003DIRECTORIO202307261141.202309061208.info       | ----------------------------------------------------------
0003DIRECTORIO202307261141.202309061208.errorApp   | procesando: [DEAC,B2023062800000000031000001,00320001312805909730,+51940040620] | ERROR [IDEC] DEAC a Registro Inexistente. El registro de celular que se está tratando de desactivar no existe o ha sido previamente eliminado con un DEAC.
0003DIRECTORIO202307261141.202309061208.debug      | procesando: [DEAC,B2023062800000000031000002,00320001311955736038,+51995554336] | OK [ACTC]
0003DIRECTORIO202307261141.202309061208.debug      | procesando: [DEAC,B2023062800000000031000003,00320001327742626437,+51954779965] | OK [ACTC]
0003DIRECTORIO202307261141.202309061208.debug      | procesando: [DEAC,B2023062800000000031000004,00320001314330186438,+51997577369] | OK [ACTC]
0003DIRECTORIO202307261141.202309061208.debug      | procesando: [DEAC,B2023062800000000031000005,00320001306665383330,+51987594961] | OK [ACTC]
0003DIRECTORIO202307261141.202309061208.debug      | procesando: [DEAC,B2023062800000000031000006,00320001308787540232,+51998128038] | OK [ACTC]
0003DIRECTORIO202307261141.202309061208.debug      | procesando: [DEAC,B2023062800000000031000007,00320001321257155039,+51977179681] | OK [ACTC]
0003DIRECTORIO202307261141.202309061208.debug      | procesando: [DEAC,B2023062800000000031000008,00320001331848984539,+51989882758] | OK [ACTC]
0003DIRECTORIO202307261141.202309061208.debug      | procesando: [DEAC,B2023062800000000031000009,00320001310658189031,+51942616682] | OK [ACTC]
0003DIRECTORIO202307261141.202309061208.debug      | procesando: [DEAC,B2023062800000000031000010,00320001310658182234,+51993493970] | OK [ACTC]
0003DIRECTORIO202307261141.202309061208.debug      | procesando: [DEAC,B2023062800000000031000011,00325501305214540074,+51999015818] | OK [ACTC]
0003DIRECTORIO202307261141.202309061208.debug      | procesando: [DEAC,B2023062800000000031000012,00320001309793859332,+51976976420] | OK [ACTC]
0003DIRECTORIO202307261141.202309061208.debug      | procesando: [DEAC,B2023062800000000031000013,00320001327796912837,+51956322363] | OK [ACTC]
0003DIRECTORIO202307261141.202309061208.debug      | procesando: [DEAC,B2023062800000000031000014,00320001308316551637,+51949274742] | OK [ACTC]
0003DIRECTORIO202307261141.202309061208.debug      | procesando: [DEAC,B2023062800000000031000015,00320001301272905231,+51993575534] | OK [ACTC]
0003DIRECTORIO202307261141.202309061208.debug      | procesando: [DEAC,B2023062800000000031000016,00389801321389967048,+51948028839] | OK [ACTC]
0003DIRECTORIO202307261141.202309061208.debug      | procesando: [DEAC,B2023062800000000031000017,00320001313188685936,+51999991546] | OK [ACTC]
0003DIRECTORIO202307261141.202309061208.debug      | procesando: [DEAC,B2023062800000000031000018,00320001327796913630,+51981053628] | OK [ACTC]
0003DIRECTORIO202307261141.202309061208.debug      | procesando: [DEAC,B2023062800000000031000019,00320001306741142634,+51954712581] | OK [ACTC]
0003DIRECTORIO202307261141.202309061208.debug      | procesando: [DEAC,B2023062800000000031000020,00320001308728732234,+51991551394] | OK [ACTC]
0003DIRECTORIO202307261141.202309061208.debug      | procesando: [DEAC,B2023062800000000031000021,00320001314600966831,+51997788147] | OK [ACTC]
0003DIRECTORIO202307261141.202309061208.debug      | procesando: [DEAC,B2023062800000000031000022,00320001312114765936,+51987409927] | OK [ACTC]
0003DIRECTORIO202307261141.202309061208.debug      | procesando: [DEAC,B2023062800000000031000023,00320001309844954532,+51993100198] | OK [ACTC]
0003DIRECTORIO202307261141.202309061208.debug      | procesando: [DEAC,B2023062800000000031000024,00320001305248161432,+51978485655] | OK [ACTC]
0003DIRECTORIO202307261141.202309061208.debug      | procesando: [DEAC,B2023062800000000031000025,00320001305860833030,+51995489131] | OK [ACTC]
0003DIRECTORIO202307261141.202309061208.debug      | procesando: [DEAC,B2023062800000000031000026,00389801327821430542,+51985716010] | OK [ACTC]
0003DIRECTORIO202307261141.202309061208.debug      | procesando: [DEAC,B2023062800000000031000027,00320001302582540938,+51993530419] | OK [ACTC]
0003DIRECTORIO202307261141.202309061208.debug      | procesando: [DEAC,B2023062800000000031000028,00320001305497373536,+51958957978] | OK [ACTC]
0003DIRECTORIO202307261141.202309061208.debug      | procesando: [DEAC,B2023062800000000031000029,00320001308623671631,+51996175341] | OK [ACTC]
0003DIRECTORIO202307261141.202309061208.debug      | procesando: [DEAC,B2023062800000000031000030,00320001316173537533,+51993874238] | OK [ACTC]
0003DIRECTORIO202307261141.202309061208.info       | Proceso Terminado.  [OK 29/30][ERROR 1/30]
0003DIRECTORIO202307261141.202309061208.monitoreo  | [2023-09-06 12:08] Archivo [0003DIRECTORIO202307261141.csv] FIN 12:09 DURACIÓN [01:00] ESTADO [PROCESADO CON ERRORES][OK 29/30]
0003DIRECTORIO202307261141.202309061210.info       | Fecha y hora de procesamiento: 2023-09-06 12:10
0003DIRECTORIO202307261141.202309061210.info       | Nombre de archivo: 0003DIRECTORIO202307261141.csv
0003DIRECTORIO202307261141.202309061210.info       | ----------------------------------------------------------
0003DIRECTORIO202307261141.202309061210.info       | Archivo no procesado. | ERROR - El total de registros declarados [REGISTROS = 35] no corresponde a los registros encontrados [30] 
0003DIRECTORIO202307261141.202309061210.monitoreo  | [2023-09-06 12:10] Archivo [0003DIRECTORIO202307261141.csv] FIN 12:10 DURACIÓN [00:00] ESTADO [ERROR][OK 0/30]
0003DIRECTORIO202307261141.202309061210.info       | Fecha y hora de procesamiento: 2023-09-06 12:10
0003DIRECTORIO202307261141.202309061210.info       | Nombre de archivo: 0003DIRECTORIO202307261141.csv
0003DIRECTORIO202307261141.202309061210.info       | Total Registros: 30
0003DIRECTORIO202307261141.202309061210.info       | ----------------------------------------------------------
0003DIRECTORIO202307261141.202309061210.debug      | procesando: [NEWR,B2023062800000000031000001,00320001312805909730,+51940040620] | OK [ACTC]
0003DIRECTORIO202307261141.202309061210.debug      | procesando: [NEWR,B2023062800000000031000002,00320001311955736038,+51995554336] | OK [ACTC]
0003DIRECTORIO202307261141.202309061210.debug      | procesando: [NEWR,B2023062800000000031000003,00320001327742626437,+51954779965] | OK [ACTC]
0003DIRECTORIO202307261141.202309061210.debug      | procesando: [NEWR,B2023062800000000031000004,00320001314330186438,+51997577369] | OK [ACTC]
0003DIRECTORIO202307261141.202309061210.debug      | procesando: [NEWR,B2023062800000000031000005,00320001306665383330,+51987594961] | OK [ACTC]
0003DIRECTORIO202307261141.202309061210.debug      | procesando: [NEWR,B2023062800000000031000006,00320001308787540232,+51998128038] | OK [ACTC]
0003DIRECTORIO202307261141.202309061210.debug      | procesando: [NEWR,B2023062800000000031000007,00320001321257155039,+51977179681] | OK [ACTC]
0003DIRECTORIO202307261141.202309061210.debug      | procesando: [NEWR,B2023062800000000031000008,00320001331848984539,+51989882758] | OK [ACTC]
0003DIRECTORIO202307261141.202309061210.debug      | procesando: [NEWR,B2023062800000000031000009,00320001310658189031,+51942616682] | OK [ACTC]
0003DIRECTORIO202307261141.202309061210.debug      | procesando: [NEWR,B2023062800000000031000010,00320001310658182234,+51993493970] | OK [ACTC]
0003DIRECTORIO202307261141.202309061210.debug      | procesando: [NEWR,B2023062800000000031000011,00325501305214540074,+51999015818] | OK [ACTC]
0003DIRECTORIO202307261141.202309061210.debug      | procesando: [NEWR,B2023062800000000031000012,00320001309793859332,+51976976420] | OK [ACTC]
0003DIRECTORIO202307261141.202309061210.debug      | procesando: [NEWR,B2023062800000000031000013,00320001327796912837,+51956322363] | OK [ACTC]
0003DIRECTORIO202307261141.202309061210.debug      | procesando: [NEWR,B2023062800000000031000014,00320001308316551637,+51949274742] | OK [ACTC]
0003DIRECTORIO202307261141.202309061210.debug      | procesando: [NEWR,B2023062800000000031000015,00320001301272905231,+51993575534] | OK [ACTC]
0003DIRECTORIO202307261141.202309061210.debug      | procesando: [NEWR,B2023062800000000031000016,00389801321389967048,+51948028839] | OK [ACTC]
0003DIRECTORIO202307261141.202309061210.debug      | procesando: [NEWR,B2023062800000000031000017,00320001313188685936,+51999991546] | OK [ACTC]
0003DIRECTORIO202307261141.202309061210.debug      | procesando: [NEWR,B2023062800000000031000018,00320001327796913630,+51981053628] | OK [ACTC]
0003DIRECTORIO202307261141.202309061210.debug      | procesando: [NEWR,B2023062800000000031000019,00320001306741142634,+51954712581] | OK [ACTC]
0003DIRECTORIO202307261141.202309061210.debug      | procesando: [NEWR,B2023062800000000031000020,00320001308728732234,+51991551394] | OK [ACTC]
0003DIRECTORIO202307261141.202309061210.debug      | procesando: [NEWR,B2023062800000000031000021,00320001314600966831,+51997788147] | OK [ACTC]
0003DIRECTORIO202307261141.202309061210.debug      | procesando: [NEWR,B2023062800000000031000022,00320001312114765936,+51987409927] | OK [ACTC]
0003DIRECTORIO202307261141.202309061210.debug      | procesando: [NEWR,B2023062800000000031000023,00320001309844954532,+51993100198] | OK [ACTC]
0003DIRECTORIO202307261141.202309061210.debug      | procesando: [NEWR,B2023062800000000031000024,00320001305248161432,+51978485655] | OK [ACTC]
0003DIRECTORIO202307261141.202309061210.debug      | procesando: [NEWR,B2023062800000000031000025,00320001305860833030,+51995489131] | OK [ACTC]
0003DIRECTORIO202307261141.202309061210.debug      | procesando: [NEWR,B2023062800000000031000026,00389801327821430542,+51985716010] | OK [ACTC]
0003DIRECTORIO202307261141.202309061210.debug      | procesando: [NEWR,B2023062800000000031000027,00320001302582540938,+51993530419] | OK [ACTC]
0003DIRECTORIO202307261141.202309061210.debug      | procesando: [NEWR,B2023062800000000031000028,00320001305497373536,+51958957978] | OK [ACTC]
0003DIRECTORIO202307261141.202309061210.debug      | procesando: [NEWR,B2023062800000000031000029,00320001308623671631,+51996175341] | OK [ACTC]
0003DIRECTORIO202307261141.202309061210.debug      | procesando: [NEWR,B2023062800000000031000030,00320001316173537533,+51993874238] | OK [ACTC]
0003DIRECTORIO202307261141.202309061210.info       | Proceso Terminado.  [OK 30/30][ERROR 0/30]
0003DIRECTORIO202307261141.202309061210.monitoreo  | [2023-09-06 12:10] Archivo [0003DIRECTORIO202307261141.csv] FIN 12:11 DURACIÓN [01:01] ESTADO [PROCESADO][OK 30/30]
0003DIRECTORIO202307261141.202309061212.info       | Fecha y hora de procesamiento: 2023-09-06 12:12
0003DIRECTORIO202307261141.202309061212.info       | Nombre de archivo: 0003DIRECTORIO202307261141.csv
0003DIRECTORIO202307261141.202309061212.info       | ----------------------------------------------------------
0003DIRECTORIO202307261141.202309061212.info       | Archivo no procesado. | ERROR - Error de validación: Formato de cabecera incorrecto se esperaba 'L05,H03,L03,L08'. Se obtuvo 'L05,H03,L03,'
0003DIRECTORIO202307261141.202309061212.monitoreo  | [2023-09-06 12:12] Archivo [0003DIRECTORIO202307261141.csv] FIN 12:12 DURACIÓN [00:00] ESTADO [ERROR][OK 0/30]
0003DIRECTORIO202307261141.202309061213.info       | Fecha y hora de procesamiento: 2023-09-06 12:13
0003DIRECTORIO202307261141.202309061213.info       | Nombre de archivo: 0003DIRECTORIO202307261141.csv
0003DIRECTORIO202307261141.202309061213.info       | ----------------------------------------------------------
0003DIRECTORIO202307261141.202309061213.info       | Archivo no procesado. | ERROR - Error de validación: Formato de cabecera incorrecto se esperaba 'L05,H03,L03,L08'. Se obtuvo 'L05,H03,L03'
0003DIRECTORIO202307261141.202309061213.monitoreo  | [2023-09-06 12:13] Archivo [0003DIRECTORIO202307261141.csv] FIN 12:13 DURACIÓN [00:00] ESTADO [ERROR][OK 0/0]
0003DIRECTORIO202307261141.202309061215.info       | Fecha y hora de procesamiento: 2023-09-06 12:15
0003DIRECTORIO202307261141.202309061215.info       | Nombre de archivo: 0003DIRECTORIO202307261141.csv
0003DIRECTORIO202307261141.202309061215.info       | ----------------------------------------------------------
0003DIRECTORIO202307261141.202309061215.info       | Archivo no procesado. | ERROR - El archivo no cuenta con registros
0003DIRECTORIO202307261141.202309061215.monitoreo  | [2023-09-06 12:15] Archivo [0003DIRECTORIO202307261141.csv] FIN 12:15 DURACIÓN [00:00] ESTADO [ERROR][OK 0/0]
0003DIRECTORIO202307261141.202309061215.info       | Fecha y hora de procesamiento: 2023-09-06 12:15
0003DIRECTORIO202307261141.202309061215.info       | Nombre de archivo: 0003DIRECTORIO202307261141.csv
0003DIRECTORIO202307261141.202309061215.info       | ----------------------------------------------------------
0003DIRECTORIO202307261141.202309061215.info       | Archivo no procesado. | ERROR - Error de validación: REGISTROS= no contiene un número después del signo igual '='. Se obtuvo 'REGISTROS=XX'
0003DIRECTORIO202307261141.202309061215.monitoreo  | [2023-09-06 12:15] Archivo [0003DIRECTORIO202307261141.csv] FIN 12:15 DURACIÓN [00:00] ESTADO [ERROR][OK 0/30]
0003DIRECTORIO202307261141.202309061216.info       | Fecha y hora de procesamiento: 2023-09-06 12:16
0003DIRECTORIO202307261141.202309061216.info       | Nombre de archivo: 0003DIRECTORIO202307261141.csv
0003DIRECTORIO202307261141.202309061216.info       | Total Registros: 30
0003DIRECTORIO202307261141.202309061216.info       | ----------------------------------------------------------
0003DIRECTORIO202307261141.202309061216.debug      | procesando: [DEAC,B2023062800000000031000001,00320001312805909730,+51940040620] | OK [ACTC]
0003DIRECTORIO202307261141.202309061216.debug      | procesando: [DEAC,B2023062800000000031000002,00320001311955736038,+51995554336] | OK [ACTC]
0003DIRECTORIO202307261141.202309061216.debug      | procesando: [DEAC,B2023062800000000031000003,00320001327742626437,+51954779965] | OK [ACTC]
0003DIRECTORIO202307261141.202309061216.debug      | procesando: [DEAC,B2023062800000000031000004,00320001314330186438,+51997577369] | OK [ACTC]
0003DIRECTORIO202307261141.202309061216.debug      | procesando: [DEAC,B2023062800000000031000005,00320001306665383330,+51987594961] | OK [ACTC]
0003DIRECTORIO202307261141.202309061216.debug      | procesando: [DEAC,B2023062800000000031000006,00320001308787540232,+51998128038] | OK [ACTC]
0003DIRECTORIO202307261141.202309061216.debug      | procesando: [DEAC,B2023062800000000031000007,00320001321257155039,+51977179681] | OK [ACTC]
0003DIRECTORIO202307261141.202309061216.debug      | procesando: [DEAC,B2023062800000000031000008,00320001331848984539,+51989882758] | OK [ACTC]
0003DIRECTORIO202307261141.202309061216.debug      | procesando: [DEAC,B2023062800000000031000009,00320001310658189031,+51942616682] | OK [ACTC]
0003DIRECTORIO202307261141.202309061216.debug      | procesando: [DEAC,B2023062800000000031000010,00320001310658182234,+51993493970] | OK [ACTC]
0003DIRECTORIO202307261141.202309061216.debug      | procesando: [DEAC,B2023062800000000031000011,00325501305214540074,+51999015818] | OK [ACTC]
0003DIRECTORIO202307261141.202309061216.debug      | procesando: [DEAC,B2023062800000000031000012,00320001309793859332,+51976976420] | OK [ACTC]
0003DIRECTORIO202307261141.202309061216.debug      | procesando: [DEAC,B2023062800000000031000013,00320001327796912837,+51956322363] | OK [ACTC]
0003DIRECTORIO202307261141.202309061216.debug      | procesando: [DEAC,B2023062800000000031000014,00320001308316551637,+51949274742] | OK [ACTC]
0003DIRECTORIO202307261141.202309061216.debug      | procesando: [DEAC,B2023062800000000031000015,00320001301272905231,+51993575534] | OK [ACTC]
0003DIRECTORIO202307261141.202309061216.debug      | procesando: [DEAC,B2023062800000000031000016,00389801321389967048,+51948028839] | OK [ACTC]
0003DIRECTORIO202307261141.202309061216.debug      | procesando: [DEAC,B2023062800000000031000017,00320001313188685936,+51999991546] | OK [ACTC]
0003DIRECTORIO202307261141.202309061216.debug      | procesando: [DEAC,B2023062800000000031000018,00320001327796913630,+51981053628] | OK [ACTC]
0003DIRECTORIO202307261141.202309061216.debug      | procesando: [DEAC,B2023062800000000031000019,00320001306741142634,+51954712581] | OK [ACTC]
0003DIRECTORIO202307261141.202309061216.debug      | procesando: [DEAC,B2023062800000000031000020,00320001308728732234,+51991551394] | OK [ACTC]
0003DIRECTORIO202307261141.202309061216.debug      | procesando: [DEAC,B2023062800000000031000021,00320001314600966831,+51997788147] | OK [ACTC]
0003DIRECTORIO202307261141.202309061216.debug      | procesando: [DEAC,B2023062800000000031000022,00320001312114765936,+51987409927] | OK [ACTC]
0003DIRECTORIO202307261141.202309061216.debug      | procesando: [DEAC,B2023062800000000031000023,00320001309844954532,+51993100198] | OK [ACTC]
0003DIRECTORIO202307261141.202309061216.debug      | procesando: [DEAC,B2023062800000000031000024,00320001305248161432,+51978485655] | OK [ACTC]
0003DIRECTORIO202307261141.202309061216.debug      | procesando: [DEAC,B2023062800000000031000025,00320001305860833030,+51995489131] | OK [ACTC]
0003DIRECTORIO202307261141.202309061216.debug      | procesando: [DEAC,B2023062800000000031000026,00389801327821430542,+51985716010] | OK [ACTC]
0003DIRECTORIO202307261141.202309061216.debug      | procesando: [DEAC,B2023062800000000031000027,00320001302582540938,+51993530419] | OK [ACTC]
0003DIRECTORIO202307261141.202309061216.debug      | procesando: [DEAC,B2023062800000000031000028,00320001305497373536,+51958957978] | OK [ACTC]
0003DIRECTORIO202307261141.202309061216.debug      | procesando: [DEAC,B2023062800000000031000029,00320001308623671631,+51996175341] | OK [ACTC]
0003DIRECTORIO202307261141.202309061216.debug      | procesando: [DEAC,B2023062800000000031000030,00320001316173537533,+51993874238] | OK [ACTC]
0003DIRECTORIO202307261141.202309061216.info       | Proceso Terminado.  [OK 30/30][ERROR 0/30]
0003DIRECTORIO202307261141.202309061216.monitoreo  | [2023-09-06 12:16] Archivo [0003DIRECTORIO202307261141.csv] FIN 12:17 DURACIÓN [01:01] ESTADO [PROCESADO][OK 30/30]
0003DIRECTORIO202307261141.202309061217.info       | Fecha y hora de procesamiento: 2023-09-06 12:17
0003DIRECTORIO202307261141.202309061217.info       | Nombre de archivo: 0003DIRECTORIO202307261141.csv
0003DIRECTORIO202307261141.202309061217.info       | Total Registros: 30
0003DIRECTORIO202307261141.202309061217.info       | ----------------------------------------------------------
0003DIRECTORIO202307261141.202309061217.errorApp   | procesando: [DEAC,B2023062800000000031000001,00320001312805909730,+51940040620] | ERROR [IDEC] DEAC a Registro Inexistente. El registro de celular que se está tratando de desactivar no existe o ha sido previamente eliminado con un DEAC.
0003DIRECTORIO202307261141.202309061217.errorApp   | procesando: [DEAC,B2023062800000000031000002,00320001311955736038,+51995554336] | ERROR [IDEC] DEAC a Registro Inexistente. El registro de celular que se está tratando de desactivar no existe o ha sido previamente eliminado con un DEAC.
0003DIRECTORIO202307261141.202309061217.errorApp   | procesando: [DEAC,B2023062800000000031000003,00320001327742626437,+51954779965] | ERROR [IDEC] DEAC a Registro Inexistente. El registro de celular que se está tratando de desactivar no existe o ha sido previamente eliminado con un DEAC.
0003DIRECTORIO202307261141.202309061217.errorApp   | procesando: [DEAC,B2023062800000000031000004,00320001314330186438,+51997577369] | ERROR [IDEC] DEAC a Registro Inexistente. El registro de celular que se está tratando de desactivar no existe o ha sido previamente eliminado con un DEAC.
0003DIRECTORIO202307261141.202309061217.errorApp   | procesando: [DEAC,B2023062800000000031000005,00320001306665383330,+51987594961] | ERROR [IDEC] DEAC a Registro Inexistente. El registro de celular que se está tratando de desactivar no existe o ha sido previamente eliminado con un DEAC.
0003DIRECTORIO202307261141.202309061217.errorApp   | procesando: [DEAC,B2023062800000000031000006,00320001308787540232,+51998128038] | ERROR [IDEC] DEAC a Registro Inexistente. El registro de celular que se está tratando de desactivar no existe o ha sido previamente eliminado con un DEAC.
0003DIRECTORIO202307261141.202309061217.errorApp   | procesando: [DEAC,B2023062800000000031000007,00320001321257155039,+51977179681] | ERROR [IDEC] DEAC a Registro Inexistente. El registro de celular que se está tratando de desactivar no existe o ha sido previamente eliminado con un DEAC.
0003DIRECTORIO202307261141.202309061217.errorApp   | procesando: [DEAC,B2023062800000000031000008,00320001331848984539,+51989882758] | ERROR [IDEC] DEAC a Registro Inexistente. El registro de celular que se está tratando de desactivar no existe o ha sido previamente eliminado con un DEAC.
0003DIRECTORIO202307261141.202309061217.errorApp   | procesando: [DEAC,B2023062800000000031000009,00320001310658189031,+51942616682] | ERROR [IDEC] DEAC a Registro Inexistente. El registro de celular que se está tratando de desactivar no existe o ha sido previamente eliminado con un DEAC.
0003DIRECTORIO202307261141.202309061217.errorApp   | procesando: [DEAC,B2023062800000000031000010,00320001310658182234,+51993493970] | ERROR [IDEC] DEAC a Registro Inexistente. El registro de celular que se está tratando de desactivar no existe o ha sido previamente eliminado con un DEAC.
0003DIRECTORIO202307261141.202309061217.errorApp   | procesando: [DEAC,B2023062800000000031000011,00325501305214540074,+51999015818] | ERROR [IDEC] DEAC a Registro Inexistente. El registro de celular que se está tratando de desactivar no existe o ha sido previamente eliminado con un DEAC.
0003DIRECTORIO202307261141.202309061217.errorApp   | procesando: [DEAC,B2023062800000000031000012,00320001309793859332,+51976976420] | ERROR [IDEC] DEAC a Registro Inexistente. El registro de celular que se está tratando de desactivar no existe o ha sido previamente eliminado con un DEAC.
0003DIRECTORIO202307261141.202309061217.errorApp   | procesando: [DEAC,B2023062800000000031000013,00320001327796912837,+51956322363] | ERROR [IDEC] DEAC a Registro Inexistente. El registro de celular que se está tratando de desactivar no existe o ha sido previamente eliminado con un DEAC.
0003DIRECTORIO202307261141.202309061217.errorApp   | procesando: [DEAC,B2023062800000000031000014,00320001308316551637,+51949274742] | ERROR [IDEC] DEAC a Registro Inexistente. El registro de celular que se está tratando de desactivar no existe o ha sido previamente eliminado con un DEAC.
0003DIRECTORIO202307261141.202309061217.errorApp   | procesando: [DEAC,B2023062800000000031000015,00320001301272905231,+51993575534] | ERROR [IDEC] DEAC a Registro Inexistente. El registro de celular que se está tratando de desactivar no existe o ha sido previamente eliminado con un DEAC.
0003DIRECTORIO202307261141.202309061217.errorApp   | procesando: [DEAC,B2023062800000000031000016,00389801321389967048,+51948028839] | ERROR [IDEC] DEAC a Registro Inexistente. El registro de celular que se está tratando de desactivar no existe o ha sido previamente eliminado con un DEAC.
0003DIRECTORIO202307261141.202309061217.errorApp   | procesando: [DEAC,B2023062800000000031000017,00320001313188685936,+51999991546] | ERROR [IDEC] DEAC a Registro Inexistente. El registro de celular que se está tratando de desactivar no existe o ha sido previamente eliminado con un DEAC.
0003DIRECTORIO202307261141.202309061217.errorApp   | procesando: [DEAC,B2023062800000000031000018,00320001327796913630,+51981053628] | ERROR [IDEC] DEAC a Registro Inexistente. El registro de celular que se está tratando de desactivar no existe o ha sido previamente eliminado con un DEAC.
0003DIRECTORIO202307261141.202309061217.errorApp   | procesando: [DEAC,B2023062800000000031000019,00320001306741142634,+51954712581] | ERROR [IDEC] DEAC a Registro Inexistente. El registro de celular que se está tratando de desactivar no existe o ha sido previamente eliminado con un DEAC.
0003DIRECTORIO202307261141.202309061217.errorApp   | procesando: [DEAC,B2023062800000000031000020,00320001308728732234,+51991551394] | ERROR [IDEC] DEAC a Registro Inexistente. El registro de celular que se está tratando de desactivar no existe o ha sido previamente eliminado con un DEAC.
0003DIRECTORIO202307261141.202309061217.errorApp   | procesando: [DEAC,B2023062800000000031000021,00320001314600966831,+51997788147] | ERROR [IDEC] DEAC a Registro Inexistente. El registro de celular que se está tratando de desactivar no existe o ha sido previamente eliminado con un DEAC.
0003DIRECTORIO202307261141.202309061217.errorApp   | procesando: [DEAC,B2023062800000000031000022,00320001312114765936,+51987409927] | ERROR [IDEC] DEAC a Registro Inexistente. El registro de celular que se está tratando de desactivar no existe o ha sido previamente eliminado con un DEAC.
0003DIRECTORIO202307261141.202309061217.errorApp   | procesando: [DEAC,B2023062800000000031000023,00320001309844954532,+51993100198] | ERROR [IDEC] DEAC a Registro Inexistente. El registro de celular que se está tratando de desactivar no existe o ha sido previamente eliminado con un DEAC.
0003DIRECTORIO202307261141.202309061217.errorApp   | procesando: [DEAC,B2023062800000000031000024,00320001305248161432,+51978485655] | ERROR [IDEC] DEAC a Registro Inexistente. El registro de celular que se está tratando de desactivar no existe o ha sido previamente eliminado con un DEAC.
0003DIRECTORIO202307261141.202309061217.errorApp   | procesando: [DEAC,B2023062800000000031000025,00320001305860833030,+51995489131] | ERROR [IDEC] DEAC a Registro Inexistente. El registro de celular que se está tratando de desactivar no existe o ha sido previamente eliminado con un DEAC.
0003DIRECTORIO202307261141.202309061217.errorApp   | procesando: [DEAC,B2023062800000000031000026,00389801327821430542,+51985716010] | ERROR [IDEC] DEAC a Registro Inexistente. El registro de celular que se está tratando de desactivar no existe o ha sido previamente eliminado con un DEAC.
0003DIRECTORIO202307261141.202309061217.errorApp   | procesando: [DEAC,B2023062800000000031000027,00320001302582540938,+51993530419] | ERROR [IDEC] DEAC a Registro Inexistente. El registro de celular que se está tratando de desactivar no existe o ha sido previamente eliminado con un DEAC.
0003DIRECTORIO202307261141.202309061217.errorApp   | procesando: [DEAC,B2023062800000000031000028,00320001305497373536,+51958957978] | ERROR [IDEC] DEAC a Registro Inexistente. El registro de celular que se está tratando de desactivar no existe o ha sido previamente eliminado con un DEAC.
0003DIRECTORIO202307261141.202309061217.errorApp   | procesando: [DEAC,B2023062800000000031000029,00320001308623671631,+51996175341] | ERROR [IDEC] DEAC a Registro Inexistente. El registro de celular que se está tratando de desactivar no existe o ha sido previamente eliminado con un DEAC.
0003DIRECTORIO202307261141.202309061217.errorApp   | procesando: [DEAC,B2023062800000000031000030,00320001316173537533,+51993874238] | ERROR [IDEC] DEAC a Registro Inexistente. El registro de celular que se está tratando de desactivar no existe o ha sido previamente eliminado con un DEAC.
0003DIRECTORIO202307261141.202309061217.info       | Proceso Terminado.  [OK 0/30][ERROR 30/30]
0003DIRECTORIO202307261141.202309061217.monitoreo  | [2023-09-06 12:17] Archivo [0003DIRECTORIO202307261141.csv] FIN 12:17 DURACIÓN [00:00] ESTADO [ERROR][OK 0/30]
0003DIRECTORIO202307261141.202309061330.info       | Fecha y hora de procesamiento: 2023-09-06 13:30
0003DIRECTORIO202307261141.202309061330.info       | Nombre de archivo: 0003DIRECTORIO202307261141.csv
0003DIRECTORIO202307261141.202309061330.info       | Total Registros: 30
0003DIRECTORIO202307261141.202309061330.info       | ----------------------------------------------------------
0003DIRECTORIO202307261141.202309061330.errorApp   | procesando: [DEAC,B2023062800000000031000001,00320001312805909730,+51940040620] | ERROR [IDEC] DEAC a Registro Inexistente. El registro de celular que se está tratando de desactivar no existe o ha sido previamente eliminado con un DEAC.
0003DIRECTORIO202307261141.202309061330.errorApp   | procesando: [DEAC,B2023062800000000031000002,00320001311955736038,+51995554336] | ERROR [IDEC] DEAC a Registro Inexistente. El registro de celular que se está tratando de desactivar no existe o ha sido previamente eliminado con un DEAC.
0003DIRECTORIO202307261141.202309061330.errorApp   | procesando: [DEAC,B2023062800000000031000003,00320001327742626437,+51954779965] | ERROR [IDEC] DEAC a Registro Inexistente. El registro de celular que se está tratando de desactivar no existe o ha sido previamente eliminado con un DEAC.
0003DIRECTORIO202307261141.202309061330.errorApp   | procesando: [DEAC,B2023062800000000031000004,00320001314330186438,+51997577369] | ERROR [IDEC] DEAC a Registro Inexistente. El registro de celular que se está tratando de desactivar no existe o ha sido previamente eliminado con un DEAC.
0003DIRECTORIO202307261141.202309061330.errorApp   | procesando: [DEAC,B2023062800000000031000005,00320001306665383330,+51987594961] | ERROR [IDEC] DEAC a Registro Inexistente. El registro de celular que se está tratando de desactivar no existe o ha sido previamente eliminado con un DEAC.
0003DIRECTORIO202307261141.202309061330.errorApp   | procesando: [DEAC,B2023062800000000031000006,00320001308787540232,+51998128038] | ERROR [IDEC] DEAC a Registro Inexistente. El registro de celular que se está tratando de desactivar no existe o ha sido previamente eliminado con un DEAC.
0003DIRECTORIO202307261141.202309061330.errorApp   | procesando: [DEAC,B2023062800000000031000007,00320001321257155039,+51977179681] | ERROR [IDEC] DEAC a Registro Inexistente. El registro de celular que se está tratando de desactivar no existe o ha sido previamente eliminado con un DEAC.
0003DIRECTORIO202307261141.202309061330.errorApp   | procesando: [DEAC,B2023062800000000031000008,00320001331848984539,+51989882758] | ERROR [IDEC] DEAC a Registro Inexistente. El registro de celular que se está tratando de desactivar no existe o ha sido previamente eliminado con un DEAC.
0003DIRECTORIO202307261141.202309061330.errorApp   | procesando: [DEAC,B2023062800000000031000009,00320001310658189031,+51942616682] | ERROR [IDEC] DEAC a Registro Inexistente. El registro de celular que se está tratando de desactivar no existe o ha sido previamente eliminado con un DEAC.
0003DIRECTORIO202307261141.202309061330.errorApp   | procesando: [DEAC,B2023062800000000031000010,00320001310658182234,+51993493970] | ERROR [IDEC] DEAC a Registro Inexistente. El registro de celular que se está tratando de desactivar no existe o ha sido previamente eliminado con un DEAC.
0003DIRECTORIO202307261141.202309061330.errorApp   | procesando: [DEAC,B2023062800000000031000011,00325501305214540074,+51999015818] | ERROR [IDEC] DEAC a Registro Inexistente. El registro de celular que se está tratando de desactivar no existe o ha sido previamente eliminado con un DEAC.
0003DIRECTORIO202307261141.202309061330.errorApp   | procesando: [DEAC,B2023062800000000031000012,00320001309793859332,+51976976420] | ERROR [IDEC] DEAC a Registro Inexistente. El registro de celular que se está tratando de desactivar no existe o ha sido previamente eliminado con un DEAC.
0003DIRECTORIO202307261141.202309061330.errorApp   | procesando: [DEAC,B2023062800000000031000013,00320001327796912837,+51956322363] | ERROR [IDEC] DEAC a Registro Inexistente. El registro de celular que se está tratando de desactivar no existe o ha sido previamente eliminado con un DEAC.
0003DIRECTORIO202307261141.202309061330.errorApp   | procesando: [DEAC,B2023062800000000031000014,00320001308316551637,+51949274742] | ERROR [IDEC] DEAC a Registro Inexistente. El registro de celular que se está tratando de desactivar no existe o ha sido previamente eliminado con un DEAC.
0003DIRECTORIO202307261141.202309061330.errorApp   | procesando: [DEAC,B2023062800000000031000015,00320001301272905231,+51993575534] | ERROR [IDEC] DEAC a Registro Inexistente. El registro de celular que se está tratando de desactivar no existe o ha sido previamente eliminado con un DEAC.
0003DIRECTORIO202307261141.202309061330.errorApp   | procesando: [DEAC,B2023062800000000031000016,00389801321389967048,+51948028839] | ERROR [IDEC] DEAC a Registro Inexistente. El registro de celular que se está tratando de desactivar no existe o ha sido previamente eliminado con un DEAC.
0003DIRECTORIO202307261141.202309061330.errorApp   | procesando: [DEAC,B2023062800000000031000017,00320001313188685936,+51999991546] | ERROR [IDEC] DEAC a Registro Inexistente. El registro de celular que se está tratando de desactivar no existe o ha sido previamente eliminado con un DEAC.
0003DIRECTORIO202307261141.202309061330.errorApp   | procesando: [DEAC,B2023062800000000031000018,00320001327796913630,+51981053628] | ERROR [IDEC] DEAC a Registro Inexistente. El registro de celular que se está tratando de desactivar no existe o ha sido previamente eliminado con un DEAC.
0003DIRECTORIO202307261141.202309061330.errorApp   | procesando: [DEAC,B2023062800000000031000019,00320001306741142634,+51954712581] | ERROR [IDEC] DEAC a Registro Inexistente. El registro de celular que se está tratando de desactivar no existe o ha sido previamente eliminado con un DEAC.
0003DIRECTORIO202307261141.202309061330.errorApp   | procesando: [DEAC,B2023062800000000031000020,00320001308728732234,+51991551394] | ERROR [IDEC] DEAC a Registro Inexistente. El registro de celular que se está tratando de desactivar no existe o ha sido previamente eliminado con un DEAC.
0003DIRECTORIO202307261141.202309061330.errorApp   | procesando: [DEAC,B2023062800000000031000021,00320001314600966831,+51997788147] | ERROR [IDEC] DEAC a Registro Inexistente. El registro de celular que se está tratando de desactivar no existe o ha sido previamente eliminado con un DEAC.
0003DIRECTORIO202307261141.202309061330.errorApp   | procesando: [DEAC,B2023062800000000031000022,00320001312114765936,+51987409927] | ERROR [IDEC] DEAC a Registro Inexistente. El registro de celular que se está tratando de desactivar no existe o ha sido previamente eliminado con un DEAC.
0003DIRECTORIO202307261141.202309061330.errorApp   | procesando: [DEAC,B2023062800000000031000023,00320001309844954532,+51993100198] | ERROR [IDEC] DEAC a Registro Inexistente. El registro de celular que se está tratando de desactivar no existe o ha sido previamente eliminado con un DEAC.
0003DIRECTORIO202307261141.202309061330.errorApp   | procesando: [DEAC,B2023062800000000031000024,00320001305248161432,+51978485655] | ERROR [IDEC] DEAC a Registro Inexistente. El registro de celular que se está tratando de desactivar no existe o ha sido previamente eliminado con un DEAC.
0003DIRECTORIO202307261141.202309061330.errorApp   | procesando: [DEAC,B2023062800000000031000025,00320001305860833030,+51995489131] | ERROR [IDEC] DEAC a Registro Inexistente. El registro de celular que se está tratando de desactivar no existe o ha sido previamente eliminado con un DEAC.
0003DIRECTORIO202307261141.202309061330.errorApp   | procesando: [DEAC,B2023062800000000031000026,00389801327821430542,+51985716010] | ERROR [IDEC] DEAC a Registro Inexistente. El registro de celular que se está tratando de desactivar no existe o ha sido previamente eliminado con un DEAC.
0003DIRECTORIO202307261141.202309061330.errorApp   | procesando: [DEAC,B2023062800000000031000027,00320001302582540938,+51993530419] | ERROR [IDEC] DEAC a Registro Inexistente. El registro de celular que se está tratando de desactivar no existe o ha sido previamente eliminado con un DEAC.
0003DIRECTORIO202307261141.202309061330.errorApp   | procesando: [DEAC,B2023062800000000031000028,00320001305497373536,+51958957978] | ERROR [IDEC] DEAC a Registro Inexistente. El registro de celular que se está tratando de desactivar no existe o ha sido previamente eliminado con un DEAC.
0003DIRECTORIO202307261141.202309061330.errorApp   | procesando: [DEAC,B2023062800000000031000029,00320001308623671631,+51996175341] | ERROR [IDEC] DEAC a Registro Inexistente. El registro de celular que se está tratando de desactivar no existe o ha sido previamente eliminado con un DEAC.
0003DIRECTORIO202307261141.202309061330.errorApp   | procesando: [DEAC,B2023062800000000031000030,00320001316173537533,+51993874238] | ERROR [IDEC] DEAC a Registro Inexistente. El registro de celular que se está tratando de desactivar no existe o ha sido previamente eliminado con un DEAC.
0003DIRECTORIO202307261141.202309061330.info       | Proceso Terminado.  [OK 0/30][ERROR 30/30]
0003DIRECTORIO202307261141.202309061330.monitoreo  | [2023-09-06 13:30] Archivo [0003DIRECTORIO202307261141.csv] FIN 13:31 DURACIÓN [01:00] ESTADO [ERROR][OK 0/30][ERROR 30/30]
0003DIRECTORIO202307261141.202309061333.info       | Fecha y hora de procesamiento: 2023-09-06 13:33
0003DIRECTORIO202307261141.202309061333.info       | Nombre de archivo: 0003DIRECTORIO202307261141.csv
0003DIRECTORIO202307261141.202309061333.info       | Total Registros: 30
0003DIRECTORIO202307261141.202309061333.info       | ----------------------------------------------------------
0003DIRECTORIO202307261141.202309061333.errorApp   | procesando: [AMND,B2023062800000000031000001,00320001312805909730,+51940040620] | ERROR [IAMD] AMND a Registro Inexistente. El registro que se está tratando de modificar no existe o ha sido eliminado con un DEAC.
0003DIRECTORIO202307261141.202309061333.errorApp   | procesando: [AMND,B2023062800000000031000002,00320001311955736038,+51995554336] | ERROR [IAMD] AMND a Registro Inexistente. El registro que se está tratando de modificar no existe o ha sido eliminado con un DEAC.
0003DIRECTORIO202307261141.202309061333.errorApp   | procesando: [AMND,B2023062800000000031000003,00320001327742626437,+51954779965] | ERROR [IAMD] AMND a Registro Inexistente. El registro que se está tratando de modificar no existe o ha sido eliminado con un DEAC.
0003DIRECTORIO202307261141.202309061333.errorApp   | procesando: [AMND,B2023062800000000031000004,00320001314330186438,+51997577369] | ERROR [IAMD] AMND a Registro Inexistente. El registro que se está tratando de modificar no existe o ha sido eliminado con un DEAC.
0003DIRECTORIO202307261141.202309061333.errorApp   | procesando: [AMND,B2023062800000000031000005,00320001306665383330,+51987594961] | ERROR [IAMD] AMND a Registro Inexistente. El registro que se está tratando de modificar no existe o ha sido eliminado con un DEAC.
0003DIRECTORIO202307261141.202309061333.errorApp   | procesando: [AMND,B2023062800000000031000006,00320001308787540232,+51998128038] | ERROR [IAMD] AMND a Registro Inexistente. El registro que se está tratando de modificar no existe o ha sido eliminado con un DEAC.
0003DIRECTORIO202307261141.202309061333.errorApp   | procesando: [AMND,B2023062800000000031000007,00320001321257155039,+51977179681] | ERROR [IAMD] AMND a Registro Inexistente. El registro que se está tratando de modificar no existe o ha sido eliminado con un DEAC.
0003DIRECTORIO202307261141.202309061333.errorApp   | procesando: [AMND,B2023062800000000031000008,00320001331848984539,+51989882758] | ERROR [IAMD] AMND a Registro Inexistente. El registro que se está tratando de modificar no existe o ha sido eliminado con un DEAC.
0003DIRECTORIO202307261141.202309061333.errorApp   | procesando: [AMND,B2023062800000000031000009,00320001310658189031,+51942616682] | ERROR [IAMD] AMND a Registro Inexistente. El registro que se está tratando de modificar no existe o ha sido eliminado con un DEAC.
0003DIRECTORIO202307261141.202309061333.errorApp   | procesando: [AMND,B2023062800000000031000010,00320001310658182234,+51993493970] | ERROR [IAMD] AMND a Registro Inexistente. El registro que se está tratando de modificar no existe o ha sido eliminado con un DEAC.
0003DIRECTORIO202307261141.202309061333.errorApp   | procesando: [AMND,B2023062800000000031000011,00325501305214540074,+51999015818] | ERROR [IAMD] AMND a Registro Inexistente. El registro que se está tratando de modificar no existe o ha sido eliminado con un DEAC.
0003DIRECTORIO202307261141.202309061333.errorApp   | procesando: [AMND,B2023062800000000031000012,00320001309793859332,+51976976420] | ERROR [IAMD] AMND a Registro Inexistente. El registro que se está tratando de modificar no existe o ha sido eliminado con un DEAC.
0003DIRECTORIO202307261141.202309061333.errorApp   | procesando: [AMND,B2023062800000000031000013,00320001327796912837,+51956322363] | ERROR [IAMD] AMND a Registro Inexistente. El registro que se está tratando de modificar no existe o ha sido eliminado con un DEAC.
0003DIRECTORIO202307261141.202309061333.errorApp   | procesando: [AMND,B2023062800000000031000014,00320001308316551637,+51949274742] | ERROR [IAMD] AMND a Registro Inexistente. El registro que se está tratando de modificar no existe o ha sido eliminado con un DEAC.
0003DIRECTORIO202307261141.202309061333.errorApp   | procesando: [AMND,B2023062800000000031000015,00320001301272905231,+51993575534] | ERROR [IAMD] AMND a Registro Inexistente. El registro que se está tratando de modificar no existe o ha sido eliminado con un DEAC.
0003DIRECTORIO202307261141.202309061333.errorApp   | procesando: [AMND,B2023062800000000031000016,00389801321389967048,+51948028839] | ERROR [IAMD] AMND a Registro Inexistente. El registro que se está tratando de modificar no existe o ha sido eliminado con un DEAC.
0003DIRECTORIO202307261141.202309061333.errorApp   | procesando: [AMND,B2023062800000000031000017,00320001313188685936,+51999991546] | ERROR [IAMD] AMND a Registro Inexistente. El registro que se está tratando de modificar no existe o ha sido eliminado con un DEAC.
0003DIRECTORIO202307261141.202309061333.errorApp   | procesando: [AMND,B2023062800000000031000018,00320001327796913630,+51981053628] | ERROR [IAMD] AMND a Registro Inexistente. El registro que se está tratando de modificar no existe o ha sido eliminado con un DEAC.
0003DIRECTORIO202307261141.202309061333.errorApp   | procesando: [AMND,B2023062800000000031000019,00320001306741142634,+51954712581] | ERROR [IAMD] AMND a Registro Inexistente. El registro que se está tratando de modificar no existe o ha sido eliminado con un DEAC.
0003DIRECTORIO202307261141.202309061333.errorApp   | procesando: [AMND,B2023062800000000031000020,00320001308728732234,+51991551394] | ERROR [IAMD] AMND a Registro Inexistente. El registro que se está tratando de modificar no existe o ha sido eliminado con un DEAC.
0003DIRECTORIO202307261141.202309061333.errorApp   | procesando: [AMND,B2023062800000000031000021,00320001314600966831,+51997788147] | ERROR [IAMD] AMND a Registro Inexistente. El registro que se está tratando de modificar no existe o ha sido eliminado con un DEAC.
0003DIRECTORIO202307261141.202309061333.errorApp   | procesando: [AMND,B2023062800000000031000022,00320001312114765936,+51987409927] | ERROR [IAMD] AMND a Registro Inexistente. El registro que se está tratando de modificar no existe o ha sido eliminado con un DEAC.
0003DIRECTORIO202307261141.202309061333.errorApp   | procesando: [AMND,B2023062800000000031000023,00320001309844954532,+51993100198] | ERROR [IAMD] AMND a Registro Inexistente. El registro que se está tratando de modificar no existe o ha sido eliminado con un DEAC.
0003DIRECTORIO202307261141.202309061333.errorApp   | procesando: [AMND,B2023062800000000031000024,00320001305248161432,+51978485655] | ERROR [IAMD] AMND a Registro Inexistente. El registro que se está tratando de modificar no existe o ha sido eliminado con un DEAC.
0003DIRECTORIO202307261141.202309061333.errorApp   | procesando: [AMND,B2023062800000000031000025,00320001305860833030,+51995489131] | ERROR [IAMD] AMND a Registro Inexistente. El registro que se está tratando de modificar no existe o ha sido eliminado con un DEAC.
0003DIRECTORIO202307261141.202309061333.errorApp   | procesando: [AMND,B2023062800000000031000026,00389801327821430542,+51985716010] | ERROR [IAMD] AMND a Registro Inexistente. El registro que se está tratando de modificar no existe o ha sido eliminado con un DEAC.
0003DIRECTORIO202307261141.202309061333.errorApp   | procesando: [AMND,B2023062800000000031000027,00320001302582540938,+51993530419] | ERROR [IAMD] AMND a Registro Inexistente. El registro que se está tratando de modificar no existe o ha sido eliminado con un DEAC.
0003DIRECTORIO202307261141.202309061333.errorApp   | procesando: [AMND,B2023062800000000031000028,00320001305497373536,+51958957978] | ERROR [IAMD] AMND a Registro Inexistente. El registro que se está tratando de modificar no existe o ha sido eliminado con un DEAC.
0003DIRECTORIO202307261141.202309061333.errorApp   | procesando: [AMND,B2023062800000000031000029,00320001308623671631,+51996175341] | ERROR [IAMD] AMND a Registro Inexistente. El registro que se está tratando de modificar no existe o ha sido eliminado con un DEAC.
0003DIRECTORIO202307261141.202309061333.errorApp   | procesando: [AMND,B2023062800000000031000030,00320001316173537533,+51993874238] | ERROR [IAMD] AMND a Registro Inexistente. El registro que se está tratando de modificar no existe o ha sido eliminado con un DEAC.
0003DIRECTORIO202307261141.202309061333.info       | Proceso Terminado.  [OK 0/30][ERROR 30/30]
0003DIRECTORIO202307261141.202309061333.monitoreo  | [2023-09-06 13:33] Archivo [0003DIRECTORIO202307261141.csv] FIN 13:34 DURACIÓN [01:00] ESTADO [ERROR] [OK 0/30][ERROR 30/30]
0003DIRECTORIO202307261141.202309061335.info       | Fecha y hora de procesamiento: 2023-09-06 13:35
0003DIRECTORIO202307261141.202309061335.info       | Nombre de archivo: 0003DIRECTORIO202307261141.csv
0003DIRECTORIO202307261141.202309061335.info       | Total Registros: 30
0003DIRECTORIO202307261141.202309061335.info       | ----------------------------------------------------------
0003DIRECTORIO202307261141.202309061335.debug      | procesando: [NEWR,B2023062800000000031000001,00320001312805909730,+51940040620] | OK [ACTC]
0003DIRECTORIO202307261141.202309061335.debug      | procesando: [NEWR,B2023062800000000031000002,00320001311955736038,+51995554336] | OK [ACTC]
0003DIRECTORIO202307261141.202309061335.debug      | procesando: [NEWR,B2023062800000000031000003,00320001327742626437,+51954779965] | OK [ACTC]
0003DIRECTORIO202307261141.202309061335.debug      | procesando: [NEWR,B2023062800000000031000004,00320001314330186438,+51997577369] | OK [ACTC]
0003DIRECTORIO202307261141.202309061335.debug      | procesando: [NEWR,B2023062800000000031000005,00320001306665383330,+51987594961] | OK [ACTC]
0003DIRECTORIO202307261141.202309061335.debug      | procesando: [NEWR,B2023062800000000031000006,00320001308787540232,+51998128038] | OK [ACTC]
0003DIRECTORIO202307261141.202309061335.debug      | procesando: [NEWR,B2023062800000000031000007,00320001321257155039,+51977179681] | OK [ACTC]
0003DIRECTORIO202307261141.202309061335.debug      | procesando: [NEWR,B2023062800000000031000008,00320001331848984539,+51989882758] | OK [ACTC]
0003DIRECTORIO202307261141.202309061335.debug      | procesando: [NEWR,B2023062800000000031000009,00320001310658189031,+51942616682] | OK [ACTC]
0003DIRECTORIO202307261141.202309061335.debug      | procesando: [NEWR,B2023062800000000031000010,00320001310658182234,+51993493970] | OK [ACTC]
0003DIRECTORIO202307261141.202309061335.debug      | procesando: [NEWR,B2023062800000000031000011,00325501305214540074,+51999015818] | OK [ACTC]
0003DIRECTORIO202307261141.202309061335.debug      | procesando: [NEWR,B2023062800000000031000012,00320001309793859332,+51976976420] | OK [ACTC]
0003DIRECTORIO202307261141.202309061335.debug      | procesando: [NEWR,B2023062800000000031000013,00320001327796912837,+51956322363] | OK [ACTC]
0003DIRECTORIO202307261141.202309061335.debug      | procesando: [NEWR,B2023062800000000031000014,00320001308316551637,+51949274742] | OK [ACTC]
0003DIRECTORIO202307261141.202309061335.debug      | procesando: [NEWR,B2023062800000000031000015,00320001301272905231,+51993575534] | OK [ACTC]
0003DIRECTORIO202307261141.202309061335.debug      | procesando: [NEWR,B2023062800000000031000016,00389801321389967048,+51948028839] | OK [ACTC]
0003DIRECTORIO202307261141.202309061335.debug      | procesando: [NEWR,B2023062800000000031000017,00320001313188685936,+51999991546] | OK [ACTC]
0003DIRECTORIO202307261141.202309061335.debug      | procesando: [NEWR,B2023062800000000031000018,00320001327796913630,+51981053628] | OK [ACTC]
0003DIRECTORIO202307261141.202309061335.debug      | procesando: [NEWR,B2023062800000000031000019,00320001306741142634,+51954712581] | OK [ACTC]
0003DIRECTORIO202307261141.202309061335.debug      | procesando: [NEWR,B2023062800000000031000020,00320001308728732234,+51991551394] | OK [ACTC]
0003DIRECTORIO202307261141.202309061335.debug      | procesando: [NEWR,B2023062800000000031000021,00320001314600966831,+51997788147] | OK [ACTC]
0003DIRECTORIO202307261141.202309061335.debug      | procesando: [NEWR,B2023062800000000031000022,00320001312114765936,+51987409927] | OK [ACTC]
0003DIRECTORIO202307261141.202309061335.debug      | procesando: [NEWR,B2023062800000000031000023,00320001309844954532,+51993100198] | OK [ACTC]
0003DIRECTORIO202307261141.202309061335.debug      | procesando: [NEWR,B2023062800000000031000024,00320001305248161432,+51978485655] | OK [ACTC]
0003DIRECTORIO202307261141.202309061335.debug      | procesando: [NEWR,B2023062800000000031000025,00320001305860833030,+51995489131] | OK [ACTC]
0003DIRECTORIO202307261141.202309061335.debug      | procesando: [NEWR,B2023062800000000031000026,00389801327821430542,+51985716010] | OK [ACTC]
0003DIRECTORIO202307261141.202309061335.debug      | procesando: [NEWR,B2023062800000000031000027,00320001302582540938,+51993530419] | OK [ACTC]
0003DIRECTORIO202307261141.202309061335.debug      | procesando: [NEWR,B2023062800000000031000028,00320001305497373536,+51958957978] | OK [ACTC]
0003DIRECTORIO202307261141.202309061335.debug      | procesando: [NEWR,B2023062800000000031000029,00320001308623671631,+51996175341] | OK [ACTC]
0003DIRECTORIO202307261141.202309061335.debug      | procesando: [NEWR,B2023062800000000031000030,00320001316173537533,+51993874238] | OK [ACTC]
0003DIRECTORIO202307261141.202309061335.info       | Proceso Terminado.  [OK 30/30][ERROR 0/30]
0003DIRECTORIO202307261141.202309061335.monitoreo  | [2023-09-06 13:35] Archivo [0003DIRECTORIO202307261141.csv] FIN 13:36 DURACIÓN [01:01] ESTADO [PROCESADO] [OK 30/30][ERROR 0/30]
0003DIRECTORIO202307261141.202309061522.info       | Fecha y hora de procesamiento: 2023-09-06 15:22
0003DIRECTORIO202307261141.202309061522.info       | Nombre de archivo: 0003DIRECTORIO202307261141.csv
0003DIRECTORIO202307261141.202309061522.info       | ----------------------------------------------------------
0003DIRECTORIO202307261141.202309061522.info       | Archivo no procesado. | ERROR - El archivo no cuenta con registros
0003DIRECTORIO202307261141.202309061522.monitoreo  | [2023-09-06 15:22] Archivo [0003DIRECTORIO202307261141.csv] FIN 15:22 DURACIÓN [00:00] ESTADO [ERROR] [OK 0/0][ERROR 0/0]
