20250611.021115.0.info       | CCE-INMEDIATAS-MASIVAS
20250611.021115.0.info       | Fecha y hora de procesamiento: 2025-06-11 02:11:15
20250611.021115.0.info       | ------------------------------------------------------------------------------------------------------------------------------------------------------
20250611.021115.0.info       |   ECHO TEST [OK]
20250611.021115.0.info       |   Archivo                               : 0035MASIVAS20250511110001.csv
20250611.021115.0.info       |   NÚmero de hilos                       : 10
20250611.021115.0.info       |   NÚmero de intentos                    : 3
20250611.021115.0.info       |   Time Out                              : 15 segundos
20250611.021115.0.info       |   Total Registros Encontrados           : 30
20250611.021115.0.info       |   Límite de registros a procesar        : 10000
20250611.021115.0.info       |   Uso de TLS                            : NO
20250611.021115.0.info       | ------------------------------------------------------------------------------------------------------------------------------------------------------
20250611.021115.0.info       | HILO [05] POS [06] MSG. [0200] CREDITOR [0053] TRACE [053306] CREDITORCCI [05303000100006200436] | RESPONSE [05] REASON [DS24] INTENTOS [1] RSPT_SEG [10.256]
20250611.021115.0.info       | HILO [01] POS [02] MSG. [0200] CREDITOR [0053] TRACE [053302] CREDITORCCI [05300100126077700148] | RESPONSE [05] REASON [DS24] INTENTOS [1] RSPT_SEG [10.415]
20250611.021115.0.info       | HILO [08] POS [09] MSG. [0200] CREDITOR [0053] TRACE [053309] CREDITORCCI [05302300108716100189] | RESPONSE [05] REASON [DS24] INTENTOS [1] RSPT_SEG [10.411]
20250611.021115.0.info       | HILO [07] POS [08] MSG. [0200] CREDITOR [0053] TRACE [053308] CREDITORCCI [05300100100042400145] | RESPONSE [05] REASON [DS24] INTENTOS [1] RSPT_SEG [10.437]
20250611.021115.0.info       | HILO [09] POS [10] MSG. [0200] CREDITOR [0053] TRACE [053310] CREDITORCCI [05302900112135600357] | RESPONSE [05] REASON [DS24] INTENTOS [1] RSPT_SEG [10.754]
20250611.021115.0.info       | HILO [04] POS [05] MSG. [0200] CREDITOR [0053] TRACE [053305] CREDITORCCI [05304000114072000228] | RESPONSE [05] REASON [DS24] INTENTOS [1] RSPT_SEG [10.756]
20250611.021115.0.info       | HILO [02] POS [03] MSG. [0200] CREDITOR [0053] TRACE [053303] CREDITORCCI [05302900111808300656] | RESPONSE [05] REASON [DS24] INTENTOS [1] RSPT_SEG [10.757]
20250611.021115.0.info       | HILO [06] POS [07] MSG. [0200] CREDITOR [0053] TRACE [053307] CREDITORCCI [05304000115686800128] | RESPONSE [05] REASON [DS24] INTENTOS [1] RSPT_SEG [10.757]
20250611.021115.0.info       | HILO [00] POS [01] MSG. [0200] CREDITOR [0053] TRACE [053301] CREDITORCCI [05302300108676400182] | RESPONSE [05] REASON [DS24] INTENTOS [1] RSPT_SEG [10.758]
20250611.021115.0.info       | HILO [03] POS [04] MSG. [0200] CREDITOR [0053] TRACE [053304] CREDITORCCI [05304000135086900224] | RESPONSE [05] REASON [DS24] INTENTOS [1] RSPT_SEG [10.769]
20250611.021115.0.info       | HILO [08] POS [13] MSG. [0200] CREDITOR [0053] TRACE [053313] CREDITORCCI [05300100115988800148] | RESPONSE [05] REASON [AC06] INTENTOS [1] RSPT_SEG [06.442]
20250611.021115.0.info       | HILO [02] POS [17] MSG. [0200] CREDITOR [0053] TRACE [053317] CREDITORCCI [05304000131101400122] | RESPONSE [05] REASON [AC07] INTENTOS [1] RSPT_SEG [06.094]
20250611.021115.0.info       | HILO [03] POS [20] MSG. [0200] CREDITOR [0053] TRACE [053320] CREDITORCCI [05300100100831500248] | RESPONSE [05] REASON [FF07] INTENTOS [1] RSPT_SEG [06.087]
20250611.021115.0.info       | HILO [04] POS [16] MSG. [0200] CREDITOR [0053] TRACE [053316] CREDITORCCI [05302300108776100389] | RESPONSE [00] INTENTOS [1] RSPT_SEG [06.172]
20250611.021115.0.info       | HILO [05] POS [11] MSG. [0200] CREDITOR [0053] TRACE [053311] CREDITORCCI [05300100115439300147] | RESPONSE [05] REASON [AC06] INTENTOS [1] RSPT_SEG [06.677]
20250611.021115.0.info       | HILO [00] POS [19] MSG. [0200] CREDITOR [0053] TRACE [053319] CREDITORCCI [05300100129666000240] | RESPONSE [05] REASON [AC07] INTENTOS [1] RSPT_SEG [06.206]
20250611.021115.0.info       | HILO [06] POS [18] MSG. [0200] CREDITOR [0053] TRACE [053318] CREDITORCCI [05300100105673200242] | RESPONSE [00] INTENTOS [1] RSPT_SEG [06.538]
20250611.021115.0.info       | HILO [06] POS [27] MSG. [0200] CREDITOR [0002] TRACE [053326] CREDITORCCI [] | ERROR [BLACKLIST] INTENTOS [1] RSPT_SEG [00.000]
20250611.021115.0.info       | HILO [06] POS [28] MSG. [0200] CREDITOR [0002] TRACE [053326] CREDITORCCI [] | ERROR [BLACKLIST] INTENTOS [1] RSPT_SEG [00.000]
20250611.021115.0.info       | HILO [06] POS [29] MSG. [0200] CREDITOR [0002] TRACE [053326] CREDITORCCI [] | ERROR [BLACKLIST] INTENTOS [1] RSPT_SEG [00.000]
20250611.021115.0.info       | HILO [06] POS [30] MSG. [0200] CREDITOR [0002] TRACE [053326] CREDITORCCI [] | ERROR [BLACKLIST] INTENTOS [1] RSPT_SEG [00.000]
20250611.021115.0.info       | HILO [09] POS [15] MSG. [0200] CREDITOR [0053] TRACE [053315] CREDITORCCI [05303000116457200139] | RESPONSE [00] INTENTOS [1] RSPT_SEG [06.688]
20250611.021115.0.info       | HILO [07] POS [14] MSG. [0200] CREDITOR [0053] TRACE [053314] CREDITORCCI [05300100105673200144] | RESPONSE [00] INTENTOS [1] RSPT_SEG [08.430]
20250611.021115.0.info       | HILO [01] POS [12] MSG. [0200] CREDITOR [0053] TRACE [053312] CREDITORCCI [05300100115968100147] | RESPONSE [05] REASON [AC06] INTENTOS [1] RSPT_SEG [08.454]
20250611.021115.0.info       | HILO [02] POS [22] MSG. [0200] CREDITOR [0053] TRACE [053322] CREDITORCCI [] | RESPONSE [00] INTENTOS [1] RSPT_SEG [04.121]
20250611.021115.0.info       | HILO [04] POS [24] MSG. [0200] CREDITOR [0053] TRACE [053324] CREDITORCCI [] | RESPONSE [00] INTENTOS [1] RSPT_SEG [04.181]
20250611.021115.0.info       | HILO [00] POS [26] MSG. [0200] CREDITOR [0053] TRACE [053326] CREDITORCCI [] | RESPONSE [05] REASON [AC01] INTENTOS [1] RSPT_SEG [04.586]
20250611.021115.0.info       | HILO [03] POS [23] MSG. [0200] CREDITOR [0053] TRACE [053323] CREDITORCCI [] | RESPONSE [00] INTENTOS [1] RSPT_SEG [04.699]
20250611.021115.0.info       | HILO [05] POS [25] MSG. [0200] CREDITOR [0053] TRACE [053325] CREDITORCCI [] | RESPONSE [00] INTENTOS [1] RSPT_SEG [04.677]
20250611.021115.0.info       | HILO [08] POS [21] MSG. [0200] CREDITOR [0053] TRACE [053321] CREDITORCCI [] | RESPONSE [00] INTENTOS [1] RSPT_SEG [04.953]
20250611.021115.0.info       | ------------------------------------------------------------------------------------------------------------------------------------------------------
20250611.021115.0.monitoreo  | Inicio [02:11:16] Fin [02:11:38] Archivo [0035MASIVAS20250511110001.csv] Duración [00:21] Estado [PROCESADO CON ERRORES] RESPUESTA OK [9 /30] RECHAZADOS [17 /30] TIMEOUT [0 /30] OTROS ERRORES [4 /30] 
20250611.031031.0.info       | CCE-INMEDIATAS-MASIVAS
20250611.031031.0.info       | Fecha y hora de procesamiento: 2025-06-11 03:10:31
20250611.031031.0.info       | ------------------------------------------------------------------------------------------------------------------------------------------------------
20250611.031031.0.info       |   ECHO TEST [OK]
20250611.031031.0.info       |   Archivo                               : 0035MASIVAS20250511110001.csv
20250611.031031.0.info       |   NÚmero de hilos                       : 10
20250611.031031.0.info       |   NÚmero de intentos                    : 3
20250611.031031.0.info       |   Time Out                              : 15 segundos
20250611.031031.0.info       |   Total Registros Encontrados           : 30
20250611.031031.0.info       |   Límite de registros a procesar        : 10000
20250611.031031.0.info       |   Uso de TLS                            : NO
20250611.031031.0.info       | ------------------------------------------------------------------------------------------------------------------------------------------------------
20250611.031031.0.info       | HILO [04] POS [05] MSG. [0200] CREDITOR [0053] TRACE [053305] TIPO OPE. [320] CREDITORCCI [05304000114072000228] | RESPONSE [05] REASON [DS24] INTENTOS [1] RSPT_SEG [10.525]
20250611.031031.0.info       | HILO [07] POS [08] MSG. [0200] CREDITOR [0053] TRACE [053308] TIPO OPE. [321] CREDITORCCI [05300100100042400145] | RESPONSE [05] REASON [DS24] INTENTOS [1] RSPT_SEG [10.526]
20250611.031031.0.info       | HILO [06] POS [07] MSG. [0200] CREDITOR [0053] TRACE [053307] TIPO OPE. [321] CREDITORCCI [05304000115686800128] | RESPONSE [05] REASON [DS24] INTENTOS [1] RSPT_SEG [10.531]
20250611.031031.0.info       | HILO [01] POS [02] MSG. [0200] CREDITOR [0053] TRACE [053302] TIPO OPE. [320] CREDITORCCI [05300100126077700148] | RESPONSE [05] REASON [DS24] INTENTOS [1] RSPT_SEG [10.536]
20250611.031031.0.info       | HILO [08] POS [09] MSG. [0200] CREDITOR [0053] TRACE [053309] TIPO OPE. [321] CREDITORCCI [05302300108716100189] | RESPONSE [05] REASON [DS24] INTENTOS [1] RSPT_SEG [10.712]
20250611.031031.0.info       | HILO [05] POS [06] MSG. [0200] CREDITOR [0053] TRACE [053306] TIPO OPE. [320] CREDITORCCI [05303000100006200436] | RESPONSE [05] REASON [DS24] INTENTOS [1] RSPT_SEG [10.712]
20250611.031031.0.info       | HILO [00] POS [01] MSG. [0200] CREDITOR [0053] TRACE [053301] TIPO OPE. [320] CREDITORCCI [05302300108676400182] | RESPONSE [05] REASON [DS24] INTENTOS [1] RSPT_SEG [10.715]
20250611.031031.0.info       | HILO [02] POS [03] MSG. [0200] CREDITOR [0053] TRACE [053303] TIPO OPE. [320] CREDITORCCI [05302900111808300656] | RESPONSE [05] REASON [DS24] INTENTOS [1] RSPT_SEG [10.715]
20250611.031031.0.info       | HILO [09] POS [10] MSG. [0200] CREDITOR [0053] TRACE [053310] TIPO OPE. [321] CREDITORCCI [05302900112135600357] | RESPONSE [05] REASON [DS24] INTENTOS [1] RSPT_SEG [10.713]
20250611.031031.0.info       | HILO [03] POS [04] MSG. [0200] CREDITOR [0053] TRACE [053304] TIPO OPE. [320] CREDITORCCI [05304000135086900224] | RESPONSE [05] REASON [DS24] INTENTOS [1] RSPT_SEG [10.713]
20250611.031031.0.info       | HILO [09] POS [19] MSG. [0200] CREDITOR [0053] TRACE [053319] TIPO OPE. [322] CREDITORCCI [05300100129666000240] | RESPONSE [05] REASON [AC07] INTENTOS [1] RSPT_SEG [09.558]
20250611.031031.0.info       | HILO [02] POS [18] MSG. [0200] CREDITOR [0053] TRACE [053318] TIPO OPE. [322] CREDITORCCI [05300100105673200242] | RESPONSE [00] INTENTOS [1] RSPT_SEG [09.567]
20250611.031031.0.info       | HILO [01] POS [14] MSG. [0200] CREDITOR [0053] TRACE [053314] TIPO OPE. [322] CREDITORCCI [05300100105673200144] | RESPONSE [00] INTENTOS [1] RSPT_SEG [09.749]
20250611.031031.0.info       | HILO [03] POS [20] MSG. [0200] CREDITOR [0053] TRACE [053320] TIPO OPE. [323] CREDITORCCI [05300100100831500248] | RESPONSE [05] REASON [FF07] INTENTOS [1] RSPT_SEG [09.612]
20250611.031031.0.info       | HILO [07] POS [12] MSG. [0200] CREDITOR [0053] TRACE [053312] TIPO OPE. [321] CREDITORCCI [05300100115968100147] | RESPONSE [05] REASON [AC06] INTENTOS [1] RSPT_SEG [09.797]
20250611.031031.0.info       | HILO [06] POS [13] MSG. [0200] CREDITOR [0053] TRACE [053313] TIPO OPE. [321] CREDITORCCI [05300100115988800148] | RESPONSE [05] REASON [DS24] INTENTOS [1] RSPT_SEG [10.415]
20250611.031031.0.info       | HILO [00] POS [17] MSG. [0200] CREDITOR [0053] TRACE [053317] TIPO OPE. [322] CREDITORCCI [05304000131101400122] | RESPONSE [05] REASON [DS24] INTENTOS [1] RSPT_SEG [10.230]
20250611.031031.0.info       | HILO [00] POS [27] MSG. [0200] CREDITOR [0002] TRACE [053326] TIPO OPE. [325] CREDITORCCI [] | ERROR [BLACKLIST] INTENTOS [1] RSPT_SEG [00.000]
20250611.031031.0.info       | HILO [00] POS [28] MSG. [0200] CREDITOR [0002] TRACE [053326] TIPO OPE. [325] CREDITORCCI [] | ERROR [BLACKLIST] INTENTOS [1] RSPT_SEG [00.000]
20250611.031031.0.info       | HILO [00] POS [29] MSG. [0200] CREDITOR [0002] TRACE [053326] TIPO OPE. [325] CREDITORCCI [] | ERROR [BLACKLIST] INTENTOS [1] RSPT_SEG [00.000]
20250611.031031.0.info       | HILO [00] POS [30] MSG. [0200] CREDITOR [0002] TRACE [053326] TIPO OPE. [325] CREDITORCCI [] | ERROR [BLACKLIST] INTENTOS [1] RSPT_SEG [00.000]
20250611.031031.0.info       | HILO [05] POS [16] MSG. [0200] CREDITOR [0053] TRACE [053316] TIPO OPE. [322] CREDITORCCI [05302300108776100389] | RESPONSE [00] INTENTOS [1] RSPT_SEG [10.370]
20250611.031031.0.info       | HILO [04] POS [11] MSG. [0200] CREDITOR [0053] TRACE [053311] TIPO OPE. [321] CREDITORCCI [05300100115439300147] | RESPONSE [05] REASON [DS24] INTENTOS [1] RSPT_SEG [10.708]
20250611.031031.0.info       | HILO [08] POS [15] MSG. [0200] CREDITOR [0053] TRACE [053315] TIPO OPE. [322] CREDITORCCI [05303000116457200139] | RESPONSE [05] REASON [DS24] INTENTOS [1] RSPT_SEG [10.523]
20250611.031031.0.info       | HILO [07] POS [25] MSG. [0200] CREDITOR [0053] TRACE [053325] TIPO OPE. [325] CREDITORCCI [] | RESPONSE [00] INTENTOS [1] RSPT_SEG [01.803]
20250611.031031.0.info       | HILO [01] POS [23] MSG. [0200] CREDITOR [0053] TRACE [053323] TIPO OPE. [325] CREDITORCCI [] | RESPONSE [00] INTENTOS [1] RSPT_SEG [02.001]
20250611.031031.0.info       | HILO [09] POS [21] MSG. [0200] CREDITOR [0053] TRACE [053321] TIPO OPE. [325] CREDITORCCI [] | RESPONSE [00] INTENTOS [1] RSPT_SEG [02.501]
20250611.031031.0.info       | HILO [02] POS [22] MSG. [0200] CREDITOR [0053] TRACE [053322] TIPO OPE. [325] CREDITORCCI [] | RESPONSE [00] INTENTOS [1] RSPT_SEG [02.509]
20250611.031031.0.info       | HILO [06] POS [26] MSG. [0200] CREDITOR [0053] TRACE [053326] TIPO OPE. [325] CREDITORCCI [] | RESPONSE [05] REASON [AC01] INTENTOS [1] RSPT_SEG [02.456]
20250611.031031.0.info       | HILO [03] POS [24] MSG. [0200] CREDITOR [0053] TRACE [053324] TIPO OPE. [325] CREDITORCCI [] | RESPONSE [00] INTENTOS [1] RSPT_SEG [03.138]
20250611.031031.0.info       | ------------------------------------------------------------------------------------------------------------------------------------------------------
20250611.031031.0.monitoreo  | Inicio [03:10:32] Fin [03:10:55] Archivo [0035MASIVAS20250511110001.csv] Duración [00:23] Estado [PROCESADO CON ERRORES] RESPUESTA OK [8 /30] RECHAZADOS [18 /30] TIMEOUT [0 /30] OTROS ERRORES [4 /30] 
20250611.031243.0.info       | CCE-INMEDIATAS-MASIVAS
20250611.031243.0.info       | Fecha y hora de procesamiento: 2025-06-11 03:12:43
20250611.031243.0.info       | ------------------------------------------------------------------------------------------------------------------------------------------------------
20250611.031243.0.error       | Numero de registros diferente al indicado en la ultima fila [REGISTROS=5]
20250611.031243.0.monitoreo  | Inicio [03:12:43] Fin [03:12:43] Archivo [0035MASIVAS20250511110001.csv] Duración [00:00] Estado [SIN PROCESAR] ERROR [Numero de registros diferente al indicado en la ultima fila [REGISTROS=5]]
20250611.031253.0.info       | CCE-INMEDIATAS-MASIVAS
20250611.031253.0.info       | Fecha y hora de procesamiento: 2025-06-11 03:12:53
20250611.031253.0.info       | ------------------------------------------------------------------------------------------------------------------------------------------------------
20250611.031253.0.info       |   ECHO TEST [OK]
20250611.031253.0.info       |   Archivo                               : 0035MASIVAS20250511110001.csv
20250611.031253.0.info       |   NÚmero de hilos                       : 10
20250611.031253.0.info       |   NÚmero de intentos                    : 3
20250611.031253.0.info       |   Time Out                              : 15 segundos
20250611.031253.0.info       |   Total Registros Encontrados           : 4
20250611.031253.0.info       |   Límite de registros a procesar        : 10000
20250611.031253.0.info       |   Uso de TLS                            : NO
20250611.031253.0.info       | ------------------------------------------------------------------------------------------------------------------------------------------------------
20250611.031253.0.info       | HILO [01] POS [2] MSG. [0200] CREDITOR [0002] TRACE [053326] TIPO OPERACION [325] CREDITORCCI [] | ERROR [BLACKLIST] INTENTOS [1] RSPT_SEG [00.000]
20250611.031253.0.info       | HILO [03] POS [4] MSG. [0200] CREDITOR [0002] TRACE [053326] TIPO OPERACION [325] CREDITORCCI [] | ERROR [BLACKLIST] INTENTOS [1] RSPT_SEG [00.000]
20250611.031253.0.info       | HILO [02] POS [3] MSG. [0200] CREDITOR [0002] TRACE [053326] TIPO OPERACION [325] CREDITORCCI [] | ERROR [BLACKLIST] INTENTOS [1] RSPT_SEG [00.000]
20250611.031253.0.info       | HILO [00] POS [1] MSG. [0200] CREDITOR [0002] TRACE [053326] TIPO OPERACION [325] CREDITORCCI [] | ERROR [BLACKLIST] INTENTOS [1] RSPT_SEG [00.000]
20250611.031253.0.info       | ------------------------------------------------------------------------------------------------------------------------------------------------------
20250611.031253.0.monitoreo  | Inicio [03:12:54] Fin [03:12:54] Archivo [0035MASIVAS20250511110001.csv] Duración [00:00] Estado [ERROR] RESPUESTA OK [0 /4] RECHAZADOS [0 /4] TIMEOUT [0 /4] OTROS ERRORES [4 /4] 
20250611.031318.0.info       | CCE-INMEDIATAS-MASIVAS
20250611.031318.0.info       | Fecha y hora de procesamiento: 2025-06-11 03:13:18
20250611.031318.0.info       | ------------------------------------------------------------------------------------------------------------------------------------------------------
20250611.031318.0.info       |   ECHO TEST [OK]
20250611.031318.0.info       |   Archivo                               : 0035MASIVAS20250511110001.csv
20250611.031318.0.info       |   NÚmero de hilos                       : 10
20250611.031318.0.info       |   NÚmero de intentos                    : 3
20250611.031318.0.info       |   Time Out                              : 15 segundos
20250611.031318.0.info       |   Total Registros Encontrados           : 4
20250611.031318.0.info       |   Límite de registros a procesar        : 10000
20250611.031318.0.info       |   Uso de TLS                            : NO
20250611.031318.0.info       | ------------------------------------------------------------------------------------------------------------------------------------------------------
20250611.031318.0.info       | HILO [00] POS [1] MSG. [0200] CREDITOR [0002] TRACE [053326] TIPO OPERACION [325] CREDITORCCI [] | ERROR [BLACKLIST] INTENTOS [1] RSPT_SEG [00.000]
20250611.031318.0.info       | HILO [01] POS [2] MSG. [0200] CREDITOR [0002] TRACE [053326] TIPO OPERACION [325] CREDITORCCI [] | ERROR [BLACKLIST] INTENTOS [1] RSPT_SEG [00.000]
20250611.031318.0.info       | HILO [03] POS [4] MSG. [0200] CREDITOR [0002] TRACE [053326] TIPO OPERACION [320] CREDITORCCI [] | ERROR [TimeOut] INTENTOS [1] RSPT_SEG [15.025] | PROCESO [03:13:18.495394700] RESPUESTA [03:13:33.520001200] REINTENTO [03:13:48.520001200] 
20250611.031318.0.info       | HILO [02] POS [3] MSG. [0200] CREDITOR [0002] TRACE [053326] TIPO OPERACION [320] CREDITORCCI [] | ERROR [TimeOut] INTENTOS [1] RSPT_SEG [15.046] | PROCESO [03:13:18.490393600] RESPUESTA [03:13:33.536001900] REINTENTO [03:13:48.536001900] 
20250611.031318.0.info       | HILO [01] POS [3] MSG. [0201] CREDITOR [0002] TRACE [053326] TIPO OPERACION [320] CREDITORCCI [] | ERROR [TimeOut] INTENTOS [2] RSPT_SEG [15.010] | PROCESO [03:13:48.536690800] RESPUESTA [03:14:03.546132600] REINTENTO [03:14:18.546132600] 
20250611.031318.0.info       | HILO [00] POS [4] MSG. [0201] CREDITOR [0002] TRACE [053326] TIPO OPERACION [320] CREDITORCCI [] | ERROR [TimeOut] INTENTOS [2] RSPT_SEG [15.026] | PROCESO [03:13:48.520404600] RESPUESTA [03:14:03.546132600] REINTENTO [03:14:18.546132600] 
20250611.031318.0.info       | HILO [02] POS [3] MSG. [0201] CREDITOR [0002] TRACE [053326] TIPO OPERACION [320] CREDITORCCI [] | ERROR [TimeOut] INTENTOS [3] RSPT_SEG [15.017]
20250611.031318.0.info       | HILO [01] POS [4] MSG. [0201] CREDITOR [0002] TRACE [053326] TIPO OPERACION [320] CREDITORCCI [] | ERROR [TimeOut] INTENTOS [3] RSPT_SEG [15.017]
20250611.031318.0.info       | ------------------------------------------------------------------------------------------------------------------------------------------------------
20250611.031318.0.monitoreo  | Inicio [03:13:18] Fin [03:14:33] Archivo [0035MASIVAS20250511110001.csv] Duración [01:15] Estado [ERROR] RESPUESTA OK [0 /4] RECHAZADOS [0 /4] TIMEOUT [2 /4] OTROS ERRORES [2 /4] 
20250611.031459.0.info       | CCE-INMEDIATAS-MASIVAS
20250611.031459.0.info       | Fecha y hora de procesamiento: 2025-06-11 03:14:59
20250611.031459.0.info       | ------------------------------------------------------------------------------------------------------------------------------------------------------
20250611.031459.0.info       |   ECHO TEST [OK]
20250611.031459.0.info       |   Archivo                               : 0035MASIVAS20250511110001.csv
20250611.031459.0.info       |   NÚmero de hilos                       : 10
20250611.031459.0.info       |   NÚmero de intentos                    : 3
20250611.031459.0.info       |   Time Out                              : 15 segundos
20250611.031459.0.info       |   Total Registros Encontrados           : 4
20250611.031459.0.info       |   Límite de registros a procesar        : 10000
20250611.031459.0.info       |   Uso de TLS                            : NO
20250611.031459.0.info       | ------------------------------------------------------------------------------------------------------------------------------------------------------
20250611.031459.0.info       | HILO [02] POS [3] MSG. [0200] CREDITOR [0002] TRACE [053326] TIPO OPERACION [320] CREDITORCCI [] | ERROR [BLACKLIST] INTENTOS [1] RSPT_SEG [00.000]
20250611.031459.0.info       | HILO [01] POS [2] MSG. [0200] CREDITOR [0002] TRACE [053326] TIPO OPERACION [325] CREDITORCCI [] | ERROR [BLACKLIST] INTENTOS [1] RSPT_SEG [00.000]
20250611.031459.0.info       | HILO [03] POS [4] MSG. [0200] CREDITOR [0002] TRACE [053326] TIPO OPERACION [320] CREDITORCCI [] | ERROR [BLACKLIST] INTENTOS [1] RSPT_SEG [00.000]
20250611.031459.0.info       | HILO [00] POS [1] MSG. [0200] CREDITOR [0002] TRACE [053326] TIPO OPERACION [325] CREDITORCCI [] | ERROR [BLACKLIST] INTENTOS [1] RSPT_SEG [00.000]
20250611.031459.0.info       | ------------------------------------------------------------------------------------------------------------------------------------------------------
20250611.031459.0.monitoreo  | Inicio [03:15:00] Fin [03:15:00] Archivo [0035MASIVAS20250511110001.csv] Duración [00:00] Estado [ERROR] RESPUESTA OK [0 /4] RECHAZADOS [0 /4] TIMEOUT [0 /4] OTROS ERRORES [4 /4] 
20250611.031545.0.info       | CCE-INMEDIATAS-MASIVAS
20250611.031545.0.info       | Fecha y hora de procesamiento: 2025-06-11 03:15:45
20250611.031545.0.info       | ------------------------------------------------------------------------------------------------------------------------------------------------------
20250611.031545.0.info       |   ECHO TEST [OK]
20250611.031545.0.info       |   Archivo                               : 0035MASIVAS20250511110001.csv
20250611.031545.0.info       |   NÚmero de hilos                       : 10
20250611.031545.0.info       |   NÚmero de intentos                    : 3
20250611.031545.0.info       |   Time Out                              : 5 segundos
20250611.031545.0.info       |   Total Registros Encontrados           : 5
20250611.031545.0.info       |   Límite de registros a procesar        : 10000
20250611.031545.0.info       |   Uso de TLS                            : NO
20250611.031545.0.info       | ------------------------------------------------------------------------------------------------------------------------------------------------------
20250611.031545.0.info       | HILO [00] POS [1] MSG. [0200] CREDITOR [0002] TRACE [053326] TIPO OPERACION [325] CREDITORCCI [] | ERROR [BLACKLIST] INTENTOS [1] RSPT_SEG [00.000]
20250611.031545.0.info       | HILO [02] POS [3] MSG. [0200] CREDITOR [0002] TRACE [053326] TIPO OPERACION [320] CREDITORCCI [] | ERROR [BLACKLIST] INTENTOS [1] RSPT_SEG [00.000]
20250611.031545.0.info       | HILO [03] POS [4] MSG. [0200] CREDITOR [0002] TRACE [053326] TIPO OPERACION [320] CREDITORCCI [] | ERROR [BLACKLIST] INTENTOS [1] RSPT_SEG [00.000]
20250611.031545.0.info       | HILO [01] POS [2] MSG. [0200] CREDITOR [0002] TRACE [053326] TIPO OPERACION [325] CREDITORCCI [] | ERROR [BLACKLIST] INTENTOS [1] RSPT_SEG [00.000]
20250611.031545.0.info       | HILO [04] POS [5] MSG. [0200] CREDITOR [0002] TRACE [053326] TIPO OPERACION [321] CREDITORCCI [] | ERROR [TimeOut] INTENTOS [1] RSPT_SEG [05.015] | PROCESO [03:15:46.087508800] RESPUESTA [03:15:51.102218300] REINTENTO [03:16:06.102218300] 
20250611.031545.0.info       | HILO [00] POS [5] MSG. [0201] CREDITOR [0002] TRACE [053326] TIPO OPERACION [321] CREDITORCCI [] | ERROR [TimeOut] INTENTOS [2] RSPT_SEG [05.018] | PROCESO [03:16:06.102291600] RESPUESTA [03:16:11.120342400] REINTENTO [03:16:26.120342400] 
20250611.031545.0.info       | HILO [01] POS [5] MSG. [0201] CREDITOR [0002] TRACE [053326] TIPO OPERACION [321] CREDITORCCI [] | ERROR [TimeOut] INTENTOS [3] RSPT_SEG [05.009]
20250611.031545.0.info       | ------------------------------------------------------------------------------------------------------------------------------------------------------
20250611.031545.0.monitoreo  | Inicio [03:15:46] Fin [03:16:31] Archivo [0035MASIVAS20250511110001.csv] Duración [00:45] Estado [ERROR] RESPUESTA OK [0 /5] RECHAZADOS [0 /5] TIMEOUT [1 /5] OTROS ERRORES [4 /5] 
20250611.031859.0.info       | CCE-INMEDIATAS-MASIVAS
20250611.031859.0.info       | Fecha y hora de procesamiento: 2025-06-11 03:18:59
20250611.031859.0.info       | ------------------------------------------------------------------------------------------------------------------------------------------------------
20250611.031859.0.info       |   ECHO TEST [OK]
20250611.031859.0.info       |   Archivo                               : 0035MASIVAS20250511110001.csv
20250611.031859.0.info       |   NÚmero de hilos                       : 10
20250611.031859.0.info       |   NÚmero de intentos                    : 3
20250611.031859.0.info       |   Time Out                              : 5 segundos
20250611.031859.0.info       |   Total Registros Encontrados           : 5
20250611.031859.0.info       |   Límite de registros a procesar        : 10000
20250611.031859.0.info       |   Uso de TLS                            : NO
20250611.031859.0.info       | ------------------------------------------------------------------------------------------------------------------------------------------------------
20250611.031859.0.info       | HILO [00] POS [1] MSG. [0200] CREDITOR [0002] TRACE [053326] TIPO OPERACION [325] CREDITORCCI [] | RESPONSE [05] REASON [BE15] INTENTOS [1] RSPT_SEG [01.000]
20250611.031859.0.info       | HILO [01] POS [2] MSG. [0200] CREDITOR [0002] TRACE [053326] TIPO OPERACION [325] CREDITORCCI [] | ERROR [TimeOut] INTENTOS [1] RSPT_SEG [01.420] | PROCESO [03:19:00.090275700] RESPUESTA [03:19:01.510774600] REINTENTO [03:19:16.510774600] 
20250611.031859.0.info       | HILO [02] POS [3] MSG. [0200] CREDITOR [0002] TRACE [053326] TIPO OPERACION [320] CREDITORCCI [] | ERROR [TimeOut] INTENTOS [1] RSPT_SEG [05.027] | PROCESO [03:19:00.096274600] RESPUESTA [03:19:05.123702] REINTENTO [03:19:20.123702] 
20250611.031859.0.info       | HILO [03] POS [4] MSG. [0200] CREDITOR [0002] TRACE [053326] TIPO OPERACION [320] CREDITORCCI [] | ERROR [TimeOut] INTENTOS [1] RSPT_SEG [05.034] | PROCESO [03:19:00.089278500] RESPUESTA [03:19:05.123702] REINTENTO [03:19:20.123702] 
20250611.031859.0.info       | HILO [04] POS [5] MSG. [0200] CREDITOR [0002] TRACE [053326] TIPO OPERACION [321] CREDITORCCI [] | ERROR [TimeOut] INTENTOS [1] RSPT_SEG [05.028] | PROCESO [03:19:00.095273500] RESPUESTA [03:19:05.123702] REINTENTO [03:19:20.123702] 
20250611.031859.0.info       | HILO [00] POS [2] MSG. [0201] CREDITOR [0002] TRACE [053326] TIPO OPERACION [325] CREDITORCCI [] | RESPONSE [05] REASON [BE15] INTENTOS [2] RSPT_SEG [00.346]
20250611.031859.0.info       | HILO [03] POS [5] MSG. [0201] CREDITOR [0002] TRACE [053326] TIPO OPERACION [321] CREDITORCCI [] | ERROR [TimeOut] INTENTOS [2] RSPT_SEG [05.006] | PROCESO [03:19:20.124263600] RESPUESTA [03:19:25.130123500] REINTENTO [03:19:40.130123500] 
20250611.031859.0.info       | HILO [02] POS [4] MSG. [0201] CREDITOR [0002] TRACE [053326] TIPO OPERACION [320] CREDITORCCI [] | ERROR [TimeOut] INTENTOS [2] RSPT_SEG [05.022] | PROCESO [03:19:20.124263600] RESPUESTA [03:19:25.146123300] REINTENTO [03:19:40.146123300] 
20250611.031859.0.info       | HILO [01] POS [3] MSG. [0201] CREDITOR [0002] TRACE [053326] TIPO OPERACION [320] CREDITORCCI [] | ERROR [TimeOut] INTENTOS [2] RSPT_SEG [05.022] | PROCESO [03:19:20.124263600] RESPUESTA [03:19:25.146123300] REINTENTO [03:19:40.146123300] 
20250611.031859.0.info       | HILO [00] POS [5] MSG. [0201] CREDITOR [0002] TRACE [053326] TIPO OPERACION [321] CREDITORCCI [] | ERROR [TimeOut] INTENTOS [3] RSPT_SEG [05.018]
20250611.031859.0.info       | HILO [03] POS [3] MSG. [0201] CREDITOR [0002] TRACE [053326] TIPO OPERACION [320] CREDITORCCI [] | ERROR [TimeOut] INTENTOS [3] RSPT_SEG [05.018]
20250611.031859.0.info       | HILO [04] POS [4] MSG. [0201] CREDITOR [0002] TRACE [053326] TIPO OPERACION [320] CREDITORCCI [] | ERROR [TimeOut] INTENTOS [3] RSPT_SEG [05.018]
20250611.031859.0.info       | ------------------------------------------------------------------------------------------------------------------------------------------------------
20250611.031859.0.monitoreo  | Inicio [03:19:00] Fin [03:19:45] Archivo [0035MASIVAS20250511110001.csv] Duración [00:45] Estado [ERROR] RESPUESTA OK [0 /5] RECHAZADOS [2 /5] TIMEOUT [3 /5] OTROS ERRORES [0 /5] 
20250611.031954.0.info       | CCE-INMEDIATAS-MASIVAS
20250611.031954.0.info       | Fecha y hora de procesamiento: 2025-06-11 03:19:54
20250611.031954.0.info       | ------------------------------------------------------------------------------------------------------------------------------------------------------
20250611.031954.0.info       |   ECHO TEST [OK]
20250611.031954.0.info       |   Archivo                               : 0035MASIVAS20250511110001.csv
20250611.031954.0.info       |   NÚmero de hilos                       : 10
20250611.031954.0.info       |   NÚmero de intentos                    : 3
20250611.031954.0.info       |   Time Out                              : 5 segundos
20250611.031954.0.info       |   Total Registros Encontrados           : 30
20250611.031954.0.info       |   Límite de registros a procesar        : 10000
20250611.031954.0.info       |   Uso de TLS                            : NO
20250611.031954.0.info       | ------------------------------------------------------------------------------------------------------------------------------------------------------
20250611.031954.0.info       | HILO [04] POS [05] MSG. [0200] CREDITOR [0053] TRACE [053305] TIPO OPERACION [320] CREDITORCCI [05304000114072000228] | ERROR [BLACKLIST] INTENTOS [1] RSPT_SEG [00.000]
20250611.031954.0.info       | HILO [02] POS [03] MSG. [0200] CREDITOR [0053] TRACE [053303] TIPO OPERACION [320] CREDITORCCI [05302900111808300656] | ERROR [BLACKLIST] INTENTOS [1] RSPT_SEG [00.000]
20250611.031954.0.info       | HILO [06] POS [07] MSG. [0200] CREDITOR [0053] TRACE [053307] TIPO OPERACION [321] CREDITORCCI [05304000115686800128] | ERROR [BLACKLIST] INTENTOS [1] RSPT_SEG [00.000]
20250611.031954.0.info       | HILO [01] POS [02] MSG. [0200] CREDITOR [0053] TRACE [053302] TIPO OPERACION [320] CREDITORCCI [05300100126077700148] | ERROR [BLACKLIST] INTENTOS [1] RSPT_SEG [00.000]
20250611.031954.0.info       | HILO [05] POS [06] MSG. [0200] CREDITOR [0053] TRACE [053306] TIPO OPERACION [320] CREDITORCCI [05303000100006200436] | ERROR [BLACKLIST] INTENTOS [1] RSPT_SEG [00.000]
20250611.031954.0.info       | HILO [07] POS [08] MSG. [0200] CREDITOR [0053] TRACE [053308] TIPO OPERACION [321] CREDITORCCI [05300100100042400145] | ERROR [BLACKLIST] INTENTOS [1] RSPT_SEG [00.000]
20250611.031954.0.info       | HILO [00] POS [01] MSG. [0200] CREDITOR [0053] TRACE [053301] TIPO OPERACION [320] CREDITORCCI [05302300108676400182] | ERROR [BLACKLIST] INTENTOS [1] RSPT_SEG [00.000]
20250611.031954.0.info       | HILO [03] POS [04] MSG. [0200] CREDITOR [0053] TRACE [053304] TIPO OPERACION [320] CREDITORCCI [05304000135086900224] | ERROR [BLACKLIST] INTENTOS [1] RSPT_SEG [00.000]
20250611.031954.0.info       | HILO [09] POS [10] MSG. [0200] CREDITOR [0053] TRACE [053310] TIPO OPERACION [321] CREDITORCCI [05302900112135600357] | ERROR [BLACKLIST] INTENTOS [1] RSPT_SEG [00.000]
20250611.031954.0.info       | HILO [05] POS [15] MSG. [0200] CREDITOR [0053] TRACE [053315] TIPO OPERACION [322] CREDITORCCI [05303000116457200139] | ERROR [BLACKLIST] INTENTOS [1] RSPT_SEG [00.000]
20250611.031954.0.info       | HILO [02] POS [12] MSG. [0200] CREDITOR [0053] TRACE [053312] TIPO OPERACION [321] CREDITORCCI [05300100115968100147] | ERROR [BLACKLIST] INTENTOS [1] RSPT_SEG [00.000]
20250611.031954.0.info       | HILO [06] POS [13] MSG. [0200] CREDITOR [0053] TRACE [053313] TIPO OPERACION [321] CREDITORCCI [05300100115988800148] | ERROR [BLACKLIST] INTENTOS [1] RSPT_SEG [00.000]
20250611.031954.0.info       | HILO [04] POS [11] MSG. [0200] CREDITOR [0053] TRACE [053311] TIPO OPERACION [321] CREDITORCCI [05300100115439300147] | ERROR [BLACKLIST] INTENTOS [1] RSPT_SEG [00.000]
20250611.031954.0.info       | HILO [08] POS [09] MSG. [0200] CREDITOR [0053] TRACE [053309] TIPO OPERACION [321] CREDITORCCI [05302300108716100189] | ERROR [BLACKLIST] INTENTOS [1] RSPT_SEG [00.000]
20250611.031954.0.info       | HILO [09] POS [19] MSG. [0200] CREDITOR [0053] TRACE [053319] TIPO OPERACION [322] CREDITORCCI [05300100129666000240] | ERROR [BLACKLIST] INTENTOS [1] RSPT_SEG [00.000]
20250611.031954.0.info       | HILO [03] POS [18] MSG. [0200] CREDITOR [0053] TRACE [053318] TIPO OPERACION [322] CREDITORCCI [05300100105673200242] | ERROR [BLACKLIST] INTENTOS [1] RSPT_SEG [00.000]
20250611.031954.0.info       | HILO [04] POS [23] MSG. [0200] CREDITOR [0053] TRACE [053323] TIPO OPERACION [325] CREDITORCCI [] | ERROR [BLACKLIST] INTENTOS [1] RSPT_SEG [00.000]
20250611.031954.0.info       | HILO [00] POS [17] MSG. [0200] CREDITOR [0053] TRACE [053317] TIPO OPERACION [322] CREDITORCCI [05304000131101400122] | ERROR [BLACKLIST] INTENTOS [1] RSPT_SEG [00.000]
20250611.031954.0.info       | HILO [09] POS [25] MSG. [0200] CREDITOR [0053] TRACE [053325] TIPO OPERACION [325] CREDITORCCI [] | ERROR [BLACKLIST] INTENTOS [1] RSPT_SEG [00.000]
20250611.031954.0.info       | HILO [07] POS [16] MSG. [0200] CREDITOR [0053] TRACE [053316] TIPO OPERACION [322] CREDITORCCI [05302300108776100389] | ERROR [BLACKLIST] INTENTOS [1] RSPT_SEG [00.000]
20250611.031954.0.info       | HILO [01] POS [14] MSG. [0200] CREDITOR [0053] TRACE [053314] TIPO OPERACION [322] CREDITORCCI [05300100105673200144] | ERROR [BLACKLIST] INTENTOS [1] RSPT_SEG [00.000]
20250611.031954.0.info       | HILO [08] POS [24] MSG. [0200] CREDITOR [0053] TRACE [053324] TIPO OPERACION [325] CREDITORCCI [] | ERROR [BLACKLIST] INTENTOS [1] RSPT_SEG [00.000]
20250611.031954.0.info       | HILO [06] POS [22] MSG. [0200] CREDITOR [0053] TRACE [053322] TIPO OPERACION [325] CREDITORCCI [] | ERROR [BLACKLIST] INTENTOS [1] RSPT_SEG [00.000]
20250611.031954.0.info       | HILO [02] POS [21] MSG. [0200] CREDITOR [0053] TRACE [053321] TIPO OPERACION [325] CREDITORCCI [] | ERROR [BLACKLIST] INTENTOS [1] RSPT_SEG [00.000]
20250611.031954.0.info       | HILO [05] POS [20] MSG. [0200] CREDITOR [0053] TRACE [053320] TIPO OPERACION [323] CREDITORCCI [05300100100831500248] | ERROR [BLACKLIST] INTENTOS [1] RSPT_SEG [00.000]
20250611.031954.0.info       | HILO [03] POS [26] MSG. [0200] CREDITOR [0053] TRACE [053326] TIPO OPERACION [325] CREDITORCCI [] | ERROR [BLACKLIST] INTENTOS [1] RSPT_SEG [00.000]
20250611.031954.0.info       | HILO [09] POS [29] MSG. [0200] CREDITOR [0002] TRACE [053326] TIPO OPERACION [325] CREDITORCCI [] | RESPONSE [05] REASON [BE15] INTENTOS [1] RSPT_SEG [01.626]
20250611.031954.0.info       | HILO [00] POS [28] MSG. [0200] CREDITOR [0002] TRACE [053326] TIPO OPERACION [325] CREDITORCCI [] | ERROR [TimeOut] INTENTOS [1] RSPT_SEG [02.184] | PROCESO [03:19:55.184919100] RESPUESTA [03:19:57.368431600] REINTENTO [03:20:12.368431600] 
20250611.031954.0.info       | HILO [04] POS [27] MSG. [0200] CREDITOR [0002] TRACE [053326] TIPO OPERACION [325] CREDITORCCI [] | ERROR [TimeOut] INTENTOS [1] RSPT_SEG [02.734] | PROCESO [03:19:55.185919800] RESPUESTA [03:19:57.920072300] REINTENTO [03:20:12.920072300] 
20250611.031954.0.info       | HILO [07] POS [30] MSG. [0200] CREDITOR [0002] TRACE [053326] TIPO OPERACION [325] CREDITORCCI [] | ERROR [TimeOut] INTENTOS [1] RSPT_SEG [03.192] | PROCESO [03:19:55.186919600] RESPUESTA [03:19:58.378761900] REINTENTO [03:20:13.378761900] 
20250611.031954.0.info       | HILO [00] POS [28] MSG. [0201] CREDITOR [0002] TRACE [053326] TIPO OPERACION [325] CREDITORCCI [] | RESPONSE [05] REASON [BE15] INTENTOS [2] RSPT_SEG [00.328]
20250611.031954.0.info       | HILO [01] POS [27] MSG. [0201] CREDITOR [0002] TRACE [053326] TIPO OPERACION [325] CREDITORCCI [] | RESPONSE [05] REASON [BE15] INTENTOS [2] RSPT_SEG [00.352]
20250611.031954.0.info       | HILO [02] POS [30] MSG. [0201] CREDITOR [0002] TRACE [053326] TIPO OPERACION [325] CREDITORCCI [] | RESPONSE [05] REASON [BE15] INTENTOS [2] RSPT_SEG [00.325]
20250611.031954.0.info       | ------------------------------------------------------------------------------------------------------------------------------------------------------
20250611.031954.0.monitoreo  | Inicio [03:19:55] Fin [03:20:13] Archivo [0035MASIVAS20250511110001.csv] Duración [00:18] Estado [ERROR] RESPUESTA OK [0 /30] RECHAZADOS [4 /30] TIMEOUT [0 /30] OTROS ERRORES [26 /30] 
20250611.032211.0.info       | CCE-INMEDIATAS-MASIVAS
20250611.032211.0.info       | Fecha y hora de procesamiento: 2025-06-11 03:22:12
20250611.032211.0.info       | ------------------------------------------------------------------------------------------------------------------------------------------------------
20250611.032211.0.info       |   ECHO TEST [OK]
20250611.032211.0.info       |   Archivo                               : 0035MASIVAS20250511110001.csv
20250611.032211.0.info       |   NÚmero de hilos                       : 10
20250611.032211.0.info       |   NÚmero de intentos                    : 3
20250611.032211.0.info       |   Time Out                              : 5 segundos
20250611.032211.0.info       |   Total Registros Encontrados           : 30
20250611.032211.0.info       |   Límite de registros a procesar        : 10000
20250611.032211.0.info       |   Uso de TLS                            : NO
20250611.032211.0.info       | ------------------------------------------------------------------------------------------------------------------------------------------------------
20250611.032211.0.info       | HILO [05] POS [06] MSG. [0200] CREDITOR [0053] TRACE [053306] TIPO OPERACION [320] CREDITORCCI [05303000100006200436] | ERROR [BLACKLIST] INTENTOS [1] RSPT_SEG [00.000]
20250611.032211.0.info       | HILO [00] POS [01] MSG. [0200] CREDITOR [0053] TRACE [053301] TIPO OPERACION [320] CREDITORCCI [05302300108676400182] | ERROR [BLACKLIST] INTENTOS [1] RSPT_SEG [00.000]
20250611.032211.0.info       | HILO [08] POS [09] MSG. [0200] CREDITOR [0053] TRACE [053309] TIPO OPERACION [321] CREDITORCCI [05302300108716100189] | ERROR [BLACKLIST] INTENTOS [1] RSPT_SEG [00.000]
20250611.032211.0.info       | HILO [07] POS [08] MSG. [0200] CREDITOR [0053] TRACE [053308] TIPO OPERACION [321] CREDITORCCI [05300100100042400145] | ERROR [BLACKLIST] INTENTOS [1] RSPT_SEG [00.000]
20250611.032211.0.info       | HILO [04] POS [05] MSG. [0200] CREDITOR [0053] TRACE [053305] TIPO OPERACION [320] CREDITORCCI [05304000114072000228] | ERROR [BLACKLIST] INTENTOS [1] RSPT_SEG [00.000]
20250611.032211.0.info       | HILO [02] POS [03] MSG. [0200] CREDITOR [0053] TRACE [053303] TIPO OPERACION [320] CREDITORCCI [05302900111808300656] | ERROR [BLACKLIST] INTENTOS [1] RSPT_SEG [00.000]
20250611.032211.0.info       | HILO [03] POS [04] MSG. [0200] CREDITOR [0053] TRACE [053304] TIPO OPERACION [320] CREDITORCCI [05304000135086900224] | ERROR [BLACKLIST] INTENTOS [1] RSPT_SEG [00.000]
20250611.032211.0.info       | HILO [01] POS [02] MSG. [0200] CREDITOR [0053] TRACE [053302] TIPO OPERACION [320] CREDITORCCI [05300100126077700148] | ERROR [BLACKLIST] INTENTOS [1] RSPT_SEG [00.000]
20250611.032211.0.info       | HILO [06] POS [07] MSG. [0200] CREDITOR [0053] TRACE [053307] TIPO OPERACION [321] CREDITORCCI [05304000115686800128] | ERROR [BLACKLIST] INTENTOS [1] RSPT_SEG [00.000]
20250611.032211.0.info       | HILO [09] POS [10] MSG. [0200] CREDITOR [0053] TRACE [053310] TIPO OPERACION [321] CREDITORCCI [05302900112135600357] | ERROR [BLACKLIST] INTENTOS [1] RSPT_SEG [00.000]
20250611.032211.0.info       | HILO [08] POS [13] MSG. [0200] CREDITOR [0053] TRACE [053313] TIPO OPERACION [321] CREDITORCCI [05300100115988800148] | ERROR [BLACKLIST] INTENTOS [1] RSPT_SEG [00.000]
20250611.032211.0.info       | HILO [07] POS [14] MSG. [0200] CREDITOR [0053] TRACE [053314] TIPO OPERACION [322] CREDITORCCI [05300100105673200144] | ERROR [BLACKLIST] INTENTOS [1] RSPT_SEG [00.000]
20250611.032211.0.info       | HILO [00] POS [12] MSG. [0200] CREDITOR [0053] TRACE [053312] TIPO OPERACION [321] CREDITORCCI [05300100115968100147] | ERROR [BLACKLIST] INTENTOS [1] RSPT_SEG [00.000]
20250611.032211.0.info       | HILO [05] POS [11] MSG. [0200] CREDITOR [0053] TRACE [053311] TIPO OPERACION [321] CREDITORCCI [05300100115439300147] | ERROR [BLACKLIST] INTENTOS [1] RSPT_SEG [00.000]
20250611.032211.0.info       | HILO [06] POS [19] MSG. [0200] CREDITOR [0053] TRACE [053319] TIPO OPERACION [322] CREDITORCCI [05300100129666000240] | ERROR [BLACKLIST] INTENTOS [1] RSPT_SEG [00.000]
20250611.032211.0.info       | HILO [09] POS [20] MSG. [0200] CREDITOR [0053] TRACE [053320] TIPO OPERACION [323] CREDITORCCI [05300100100831500248] | ERROR [BLACKLIST] INTENTOS [1] RSPT_SEG [00.000]
20250611.032211.0.info       | HILO [01] POS [18] MSG. [0200] CREDITOR [0053] TRACE [053318] TIPO OPERACION [322] CREDITORCCI [05300100105673200242] | ERROR [BLACKLIST] INTENTOS [1] RSPT_SEG [00.000]
20250611.032211.0.info       | HILO [04] POS [15] MSG. [0200] CREDITOR [0053] TRACE [053315] TIPO OPERACION [322] CREDITORCCI [05303000116457200139] | ERROR [BLACKLIST] INTENTOS [1] RSPT_SEG [00.000]
20250611.032211.0.info       | HILO [03] POS [17] MSG. [0200] CREDITOR [0053] TRACE [053317] TIPO OPERACION [322] CREDITORCCI [05304000131101400122] | ERROR [BLACKLIST] INTENTOS [1] RSPT_SEG [00.000]
20250611.032211.0.info       | HILO [02] POS [16] MSG. [0200] CREDITOR [0053] TRACE [053316] TIPO OPERACION [322] CREDITORCCI [05302300108776100389] | ERROR [BLACKLIST] INTENTOS [1] RSPT_SEG [00.000]
20250611.032211.0.info       | HILO [06] POS [25] MSG. [0200] CREDITOR [0053] TRACE [053325] TIPO OPERACION [325] CREDITORCCI [] | ERROR [BLACKLIST] INTENTOS [1] RSPT_SEG [00.000]
20250611.032211.0.info       | HILO [01] POS [27] MSG. [0200] CREDITOR [0002] TRACE [053326] TIPO OPERACION [325] CREDITORCCI [] | ERROR [BLACKLIST] INTENTOS [1] RSPT_SEG [00.000]
20250611.032211.0.info       | HILO [00] POS [23] MSG. [0200] CREDITOR [0053] TRACE [053323] TIPO OPERACION [325] CREDITORCCI [] | ERROR [BLACKLIST] INTENTOS [1] RSPT_SEG [00.000]
20250611.032211.0.info       | HILO [07] POS [22] MSG. [0200] CREDITOR [0053] TRACE [053322] TIPO OPERACION [325] CREDITORCCI [] | ERROR [BLACKLIST] INTENTOS [1] RSPT_SEG [00.000]
20250611.032211.0.info       | HILO [08] POS [21] MSG. [0200] CREDITOR [0053] TRACE [053321] TIPO OPERACION [325] CREDITORCCI [] | ERROR [BLACKLIST] INTENTOS [1] RSPT_SEG [00.000]
20250611.032211.0.info       | HILO [02] POS [30] MSG. [0200] CREDITOR [0002] TRACE [053326] TIPO OPERACION [325] CREDITORCCI [] | ERROR [BLACKLIST] INTENTOS [1] RSPT_SEG [00.000]
20250611.032211.0.info       | HILO [04] POS [28] MSG. [0200] CREDITOR [0002] TRACE [053326] TIPO OPERACION [325] CREDITORCCI [] | ERROR [BLACKLIST] INTENTOS [1] RSPT_SEG [00.000]
20250611.032211.0.info       | HILO [03] POS [29] MSG. [0200] CREDITOR [0002] TRACE [053326] TIPO OPERACION [325] CREDITORCCI [] | ERROR [BLACKLIST] INTENTOS [1] RSPT_SEG [00.000]
20250611.032211.0.info       | HILO [09] POS [26] MSG. [0200] CREDITOR [0053] TRACE [053326] TIPO OPERACION [325] CREDITORCCI [] | ERROR [BLACKLIST] INTENTOS [1] RSPT_SEG [00.000]
20250611.032211.0.info       | HILO [05] POS [24] MSG. [0200] CREDITOR [0053] TRACE [053324] TIPO OPERACION [325] CREDITORCCI [] | ERROR [BLACKLIST] INTENTOS [1] RSPT_SEG [00.000]
20250611.032211.0.info       | ------------------------------------------------------------------------------------------------------------------------------------------------------
20250611.032211.0.monitoreo  | Inicio [03:22:12] Fin [03:22:12] Archivo [0035MASIVAS20250511110001.csv] Duración [00:00] Estado [ERROR] RESPUESTA OK [0 /30] RECHAZADOS [0 /30] TIMEOUT [0 /30] OTROS ERRORES [30 /30] 
20250611.032334.0.info       | CCE-INMEDIATAS-MASIVAS
20250611.032334.0.info       | Fecha y hora de procesamiento: 2025-06-11 03:23:34
20250611.032334.0.info       | ------------------------------------------------------------------------------------------------------------------------------------------------------
20250611.032334.0.info       |   ECHO TEST [OK]
20250611.032334.0.info       |   Archivo                               : 0035MASIVAS20250511110001.csv
20250611.032334.0.info       |   NÚmero de hilos                       : 10
20250611.032334.0.info       |   NÚmero de intentos                    : 3
20250611.032334.0.info       |   Time Out                              : 5 segundos
20250611.032334.0.info       |   Total Registros Encontrados           : 2
20250611.032334.0.info       |   Límite de registros a procesar        : 10000
20250611.032334.0.info       |   Uso de TLS                            : NO
20250611.032334.0.info       | ------------------------------------------------------------------------------------------------------------------------------------------------------
20250611.032334.0.info       | HILO [01] POS [2] MSG. [0200] CREDITOR [0053] TRACE [053302] TIPO OPERACION [320] CREDITORCCI [05300100126077700148] | ERROR [BLACKLIST] INTENTOS [1] RSPT_SEG [00.000]
20250611.032334.0.info       | HILO [00] POS [1] MSG. [0200] CREDITOR [0053] TRACE [053301] TIPO OPERACION [320] CREDITORCCI [05302300108676400182] | ERROR [BLACKLIST] INTENTOS [1] RSPT_SEG [00.000]
20250611.032334.0.info       | ------------------------------------------------------------------------------------------------------------------------------------------------------
20250611.032334.0.monitoreo  | Inicio [03:23:35] Fin [03:23:35] Archivo [0035MASIVAS20250511110001.csv] Duración [00:00] Estado [ERROR] RESPUESTA OK [0 /2] RECHAZADOS [0 /2] TIMEOUT [0 /2] OTROS ERRORES [2 /2] 
20250611.032345.0.info       | CCE-INMEDIATAS-MASIVAS
20250611.032345.0.info       | Fecha y hora de procesamiento: 2025-06-11 03:23:45
20250611.032345.0.info       | ------------------------------------------------------------------------------------------------------------------------------------------------------
20250611.032345.0.info       |   ECHO TEST [OK]
20250611.032345.0.info       |   Archivo                               : 0035MASIVAS20250511110001.csv
20250611.032345.0.info       |   NÚmero de hilos                       : 10
20250611.032345.0.info       |   NÚmero de intentos                    : 3
20250611.032345.0.info       |   Time Out                              : 5 segundos
20250611.032345.0.info       |   Total Registros Encontrados           : 2
20250611.032345.0.info       |   Límite de registros a procesar        : 10000
20250611.032345.0.info       |   Uso de TLS                            : NO
20250611.032345.0.info       | ------------------------------------------------------------------------------------------------------------------------------------------------------
20250611.032345.0.info       | HILO [01] POS [2] MSG. [0200] CREDITOR [0053] TRACE [053302] TIPO OPERACION [320] CREDITORCCI [05300100126077700148] | RESPONSE [00] INTENTOS [1] RSPT_SEG [02.001]
20250611.032345.0.info       | HILO [00] POS [1] MSG. [0200] CREDITOR [0053] TRACE [053301] TIPO OPERACION [320] CREDITORCCI [05302300108676400182] | ERROR [TimeOut] INTENTOS [1] RSPT_SEG [05.031] | PROCESO [03:23:45.458526100] RESPUESTA [03:23:50.489438400] REINTENTO [03:24:05.489438400] 
20250611.032345.0.info       | HILO [00] POS [1] MSG. [0201] CREDITOR [0053] TRACE [053301] TIPO OPERACION [320] CREDITORCCI [05302300108676400182] | ERROR [TimeOut] INTENTOS [2] RSPT_SEG [05.013] | PROCESO [03:24:05.490378600] RESPUESTA [03:24:10.503922600] REINTENTO [03:24:25.503922600] 
20250611.032345.0.info       | HILO [01] POS [1] MSG. [0201] CREDITOR [0053] TRACE [053301] TIPO OPERACION [320] CREDITORCCI [05302300108676400182] | ERROR [TimeOut] INTENTOS [3] RSPT_SEG [05.024]
20250611.032345.0.info       | ------------------------------------------------------------------------------------------------------------------------------------------------------
20250611.032345.0.monitoreo  | Inicio [03:23:45] Fin [03:24:30] Archivo [0035MASIVAS20250511110001.csv] Duración [00:45] Estado [PROCESADO CON ERRORES] RESPUESTA OK [1 /2] RECHAZADOS [0 /2] TIMEOUT [1 /2] OTROS ERRORES [0 /2] 
20250611.032437.0.info       | CCE-INMEDIATAS-MASIVAS
20250611.032437.0.info       | Fecha y hora de procesamiento: 2025-06-11 03:24:37
20250611.032437.0.info       | ------------------------------------------------------------------------------------------------------------------------------------------------------
20250611.032437.0.info       |   ECHO TEST [OK]
20250611.032437.0.info       |   Archivo                               : 0035MASIVAS20250511110001.csv
20250611.032437.0.info       |   NÚmero de hilos                       : 10
20250611.032437.0.info       |   NÚmero de intentos                    : 3
20250611.032437.0.info       |   Time Out                              : 15 segundos
20250611.032437.0.info       |   Total Registros Encontrados           : 2
20250611.032437.0.info       |   Límite de registros a procesar        : 10000
20250611.032437.0.info       |   Uso de TLS                            : NO
20250611.032437.0.info       | ------------------------------------------------------------------------------------------------------------------------------------------------------
20250611.032437.0.info       | HILO [01] POS [2] MSG. [0200] CREDITOR [0053] TRACE [053302] TIPO OPERACION [320] CREDITORCCI [05300100126077700148] | RESPONSE [00] INTENTOS [1] RSPT_SEG [01.339]
20250611.032437.0.info       | HILO [00] POS [1] MSG. [0200] CREDITOR [0053] TRACE [053301] TIPO OPERACION [320] CREDITORCCI [05302300108676400182] | ERROR [TimeOut] INTENTOS [1] RSPT_SEG [15.018] | PROCESO [03:24:37.651063300] RESPUESTA [03:24:52.669421900] REINTENTO [03:25:07.669421900] 
20250611.032437.0.info       | HILO [00] POS [1] MSG. [0201] CREDITOR [0053] TRACE [053301] TIPO OPERACION [320] CREDITORCCI [05302300108676400182] | ERROR [TimeOut] INTENTOS [2] RSPT_SEG [15.013] | PROCESO [03:25:07.669697300] RESPUESTA [03:25:22.682112600] REINTENTO [03:25:37.682112600] 
20250611.032437.0.info       | HILO [01] POS [1] MSG. [0201] CREDITOR [0053] TRACE [053301] TIPO OPERACION [320] CREDITORCCI [05302300108676400182] | ERROR [TimeOut] INTENTOS [3] RSPT_SEG [15.015]
20250611.032437.0.info       | ------------------------------------------------------------------------------------------------------------------------------------------------------
20250611.032437.0.monitoreo  | Inicio [03:24:37] Fin [03:25:52] Archivo [0035MASIVAS20250511110001.csv] Duración [01:15] Estado [PROCESADO CON ERRORES] RESPUESTA OK [1 /2] RECHAZADOS [0 /2] TIMEOUT [1 /2] OTROS ERRORES [0 /2] 
20250611.032928.0.info       | CCE-INMEDIATAS-MASIVAS
20250611.032928.0.info       | Fecha y hora de procesamiento: 2025-06-11 03:29:28
20250611.032928.0.info       | ------------------------------------------------------------------------------------------------------------------------------------------------------
20250611.032928.0.info       |   ECHO TEST [OK]
20250611.032928.0.info       |   Archivo                               : 0035MASIVAS20250511110001.csv
20250611.032928.0.info       |   NÚmero de hilos                       : 10
20250611.032928.0.info       |   NÚmero de intentos                    : 3
20250611.032928.0.info       |   Time Out                              : 15 segundos
20250611.032928.0.info       |   Total Registros Encontrados           : 2
20250611.032928.0.info       |   Límite de registros a procesar        : 10000
20250611.032928.0.info       |   Uso de TLS                            : NO
20250611.032928.0.info       | ------------------------------------------------------------------------------------------------------------------------------------------------------
20250611.032928.0.info       | HILO [01] POS [2] MSG. [0200] CREDITOR [0053] TRACE [053302] TIPO OPERACION [320] CREDITORCCI [05300100126077700148] | RESPONSE [00] INTENTOS [1] RSPT_SEG [02.114]
20250611.032928.0.info       | HILO [00] POS [1] MSG. [0200] CREDITOR [0053] TRACE [053301] TIPO OPERACION [320] CREDITORCCI [05302300108676400182] | ERROR [TimeOut] INTENTOS [1] RSPT_SEG [15.024] | PROCESO [03:29:28.559806200] RESPUESTA [03:29:43.583989] REINTENTO [03:29:58.583989] 
20250611.032928.0.info       | HILO [00] POS [1] MSG. [0201] CREDITOR [0053] TRACE [053301] TIPO OPERACION [320] CREDITORCCI [05302300108676400182] | ERROR [TimeOut] INTENTOS [2] RSPT_SEG [15.017] | PROCESO [03:29:58.584127200] RESPUESTA [03:30:13.601184400] REINTENTO [03:30:28.601184400] 
20250611.032928.0.info       | HILO [01] POS [1] MSG. [0201] CREDITOR [0053] TRACE [053301] TIPO OPERACION [320] CREDITORCCI [05302300108676400182] | ERROR [TimeOut] INTENTOS [3] RSPT_SEG [15.013]
20250611.032928.0.info       | ------------------------------------------------------------------------------------------------------------------------------------------------------
20250611.032928.0.monitoreo  | Inicio [03:29:28] Fin [03:30:43] Archivo [0035MASIVAS20250511110001.csv] Duración [01:15] Estado [PROCESADO CON ERRORES] RESPUESTA OK [1 /2] RECHAZADOS [0 /2] TIMEOUT [1 /2] OTROS ERRORES [0 /2] 
20250611.134256.0.info       | CCE-INMEDIATAS-MASIVAS
20250611.134256.0.info       | Fecha y hora de procesamiento: 2025-06-11 01:42:56
20250611.134256.0.info       | ------------------------------------------------------------------------------------------------------------------------------------------------------
20250611.134256.0.error       | No existen registros para procesar : 0
20250611.134256.0.monitoreo  | Inicio [01:42:56] Fin [01:42:56] Archivo [0035MASIVAS20250511110001.csv] Duración [00:00] Estado [SIN PROCESAR] ERROR [No existen registros para procesar : 0]
